2026-04-18 05:10:15,868 - [INFO] - Miner started
2026-04-18 05:10:15,868 - [INFO] - Miner blockchain initialized with 1 blocks
2026-04-18 05:10:16,303 - [INFO] - Miner wallet created: 0x0c02ae16779a9c313ec8d703f46b9e66e9ad546389d6cba9fadb1c3e28e219cb
2026-04-18 05:10:16,314 - [INFO] - Fetched 1 pending transactions
2026-04-18 05:10:16,320 - [INFO] - Mining block with 2 transactions
2026-04-18 05:10:16,379 - [INFO] - Block mined successfully in 0.04s after 1,913 attempts
2026-04-18 05:10:16,391 - [INFO] - Block submitted successfully: {'message': 'Block accepted'}
2026-04-18 05:10:18,419 - [INFO] - Fetched 0 pending transactions
2026-04-18 05:10:23,439 - [INFO] - Fetched 0 pending transactions
2026-04-18 05:10:28,446 - [INFO] - Fetched 0 pending transactions
2026-04-18 05:10:33,466 - [INFO] - Fetched 0 pending transactions
2026-04-18 05:10:38,482 - [INFO] - Fetched 0 pending transactions
2026-04-18 05:10:43,489 - [INFO] - Fetched 0 pending transactions
2026-04-18 05:10:48,495 - [INFO] - Fetched 0 pending transactions
2026-04-18 05:10:53,508 - [INFO] - Fetched 0 pending transactions
2026-04-18 05:10:58,513 - [INFO] - Fetched 0 pending transactions
2026-04-18 05:11:03,519 - [INFO] - Fetched 0 pending transactions
2026-04-18 05:11:08,545 - [INFO] - Fetched 0 pending transactions
2026-04-18 05:11:13,574 - [INFO] - Fetched 0 pending transactions
2026-04-18 05:11:18,600 - [INFO] - Fetched 0 pending transactions
2026-04-18 05:11:23,618 - [INFO] - Fetched 0 pending transactions
2026-04-18 05:11:28,624 - [INFO] - Fetched 1 pending transactions
2026-04-18 05:11:28,630 - [INFO] - Mining block with 2 transactions
2026-04-18 05:11:29,223 - [INFO] - Block mined successfully in 0.59s after 25,479 attempts
2026-04-18 05:11:29,231 - [INFO] - Block submitted successfully: {'message': 'Block accepted'}
2026-04-18 05:11:31,238 - [INFO] - Fetched 0 pending transactions
2026-04-18 05:11:36,243 - [INFO] - Fetched 0 pending transactions
2026-04-18 05:11:41,250 - [INFO] - Fetched 0 pending transactions
2026-04-18 05:11:46,277 - [INFO] - Fetched 0 pending transactions
2026-04-18 05:11:51,283 - [INFO] - Fetched 0 pending transactions
2026-04-18 05:11:56,289 - [INFO] - Fetched 0 pending transactions
2026-04-18 05:12:01,294 - [INFO] - Fetched 0 pending transactions
2026-04-18 05:12:06,305 - [INFO] - Fetched 0 pending transactions
2026-04-18 05:12:11,311 - [INFO] - Fetched 0 pending transactions
2026-04-18 05:12:16,342 - [INFO] - Fetched 0 pending transactions
2026-04-18 05:12:21,347 - [INFO] - Fetched 0 pending transactions
2026-04-18 05:12:26,352 - [INFO] - Fetched 0 pending transactions
2026-04-18 05:12:31,358 - [INFO] - Fetched 0 pending transactions
2026-04-18 05:12:36,375 - [INFO] - Fetched 0 pending transactions
2026-04-18 05:12:41,381 - [INFO] - Fetched 0 pending transactions
2026-04-18 05:12:46,386 - [INFO] - Fetched 0 pending transactions
2026-04-18 05:12:51,411 - [INFO] - Fetched 0 pending transactions
2026-04-18 05:12:56,431 - [INFO] - Fetched 0 pending transactions
2026-04-18 05:13:01,437 - [INFO] - Fetched 0 pending transactions
2026-04-18 05:13:06,442 - [INFO] - Fetched 0 pending transactions
2026-04-18 05:13:11,474 - [INFO] - Fetched 0 pending transactions
2026-04-18 05:13:16,489 - [INFO] - Fetched 0 pending transactions
2026-04-18 05:13:21,509 - [INFO] - Fetched 0 pending transactions
2026-04-18 05:13:26,515 - [INFO] - Fetched 0 pending transactions
2026-04-18 05:13:31,530 - [INFO] - Fetched 0 pending transactions
2026-04-18 05:13:36,552 - [INFO] - Fetched 0 pending transactions
2026-04-18 05:13:41,570 - [INFO] - Fetched 0 pending transactions
2026-04-18 05:13:46,576 - [INFO] - Fetched 0 pending transactions
2026-04-18 05:13:51,582 - [INFO] - Fetched 0 pending transactions
2026-04-18 05:13:56,610 - [INFO] - Fetched 0 pending transactions
2026-04-18 05:14:01,625 - [INFO] - Fetched 0 pending transactions
2026-04-18 05:14:06,648 - [INFO] - Fetched 0 pending transactions
2026-04-18 05:14:11,666 - [INFO] - Fetched 0 pending transactions
2026-04-18 05:14:16,692 - [INFO] - Fetched 0 pending transactions
2026-04-18 05:14:21,698 - [INFO] - Fetched 0 pending transactions
2026-04-18 05:14:26,703 - [INFO] - Fetched 0 pending transactions
2026-04-18 05:14:31,709 - [INFO] - Fetched 0 pending transactions
2026-04-18 05:14:36,715 - [INFO] - Fetched 0 pending transactions
2026-04-18 05:14:41,720 - [INFO] - Fetched 0 pending transactions
2026-04-18 05:14:46,744 - [INFO] - Fetched 0 pending transactions
2026-04-18 05:14:51,751 - [INFO] - Fetched 0 pending transactions
2026-04-18 05:14:56,780 - [INFO] - Fetched 0 pending transactions
2026-04-18 05:15:01,795 - [INFO] - Fetched 0 pending transactions
2026-04-18 05:15:06,815 - [INFO] - Fetched 0 pending transactions
2026-04-18 05:15:11,822 - [INFO] - Fetched 0 pending transactions
2026-04-18 05:15:16,829 - [INFO] - Fetched 0 pending transactions
2026-04-18 05:15:21,848 - [INFO] - Fetched 0 pending transactions
2026-04-18 05:15:26,853 - [INFO] - Fetched 0 pending transactions
2026-04-18 05:15:31,859 - [INFO] - Fetched 0 pending transactions
2026-04-18 05:15:36,875 - [INFO] - Fetched 0 pending transactions
2026-04-18 05:15:41,881 - [INFO] - Fetched 0 pending transactions
2026-04-18 05:15:46,896 - [INFO] - Fetched 0 pending transactions
2026-04-18 05:15:51,918 - [INFO] - Fetched 0 pending transactions
2026-04-18 05:15:56,924 - [INFO] - Fetched 0 pending transactions
2026-04-18 05:16:01,941 - [INFO] - Fetched 0 pending transactions
2026-04-18 05:16:06,947 - [INFO] - Fetched 0 pending transactions
2026-04-18 05:16:11,953 - [INFO] - Fetched 0 pending transactions
2026-04-18 05:16:16,959 - [INFO] - Fetched 0 pending transactions
2026-04-18 05:16:21,965 - [INFO] - Fetched 0 pending transactions
2026-04-18 05:16:26,985 - [INFO] - Fetched 0 pending transactions
2026-04-18 05:16:32,007 - [INFO] - Fetched 0 pending transactions
2026-04-18 05:16:37,027 - [INFO] - Fetched 0 pending transactions
2026-04-18 05:16:42,033 - [INFO] - Fetched 0 pending transactions
2026-04-18 05:16:47,053 - [INFO] - Fetched 0 pending transactions
2026-04-18 05:16:52,059 - [INFO] - Fetched 0 pending transactions
2026-04-18 05:16:57,084 - [INFO] - Fetched 0 pending transactions
2026-04-18 05:17:02,097 - [INFO] - Fetched 0 pending transactions
2026-04-18 05:17:07,118 - [INFO] - Fetched 0 pending transactions
2026-04-18 05:17:12,124 - [INFO] - Fetched 0 pending transactions
2026-04-18 05:17:17,146 - [INFO] - Fetched 0 pending transactions
2026-04-18 05:17:22,153 - [INFO] - Fetched 0 pending transactions
2026-04-18 05:17:27,178 - [INFO] - Fetched 0 pending transactions
2026-04-18 05:17:32,205 - [INFO] - Fetched 0 pending transactions
2026-04-18 05:17:37,226 - [INFO] - Fetched 0 pending transactions
2026-04-18 05:17:42,232 - [INFO] - Fetched 0 pending transactions
2026-04-18 05:17:47,237 - [INFO] - Fetched 0 pending transactions
2026-04-18 05:17:52,253 - [INFO] - Fetched 0 pending transactions
2026-04-18 05:17:57,259 - [INFO] - Fetched 0 pending transactions
2026-04-18 05:18:02,276 - [INFO] - Fetched 0 pending transactions
2026-04-18 05:18:07,281 - [INFO] - Fetched 0 pending transactions
2026-04-18 05:18:12,286 - [INFO] - Fetched 0 pending transactions
2026-04-18 05:18:17,305 - [INFO] - Fetched 0 pending transactions
2026-04-18 05:18:22,324 - [INFO] - Fetched 0 pending transactions
2026-04-18 05:18:27,353 - [INFO] - Fetched 0 pending transactions
2026-04-18 05:18:32,358 - [INFO] - Fetched 0 pending transactions
2026-04-18 05:18:37,363 - [INFO] - Fetched 0 pending transactions
2026-04-18 05:18:42,384 - [INFO] - Fetched 0 pending transactions
2026-04-18 05:18:47,404 - [INFO] - Fetched 0 pending transactions
2026-04-18 05:18:52,412 - [INFO] - Fetched 0 pending transactions
2026-04-18 05:18:57,432 - [INFO] - Fetched 0 pending transactions
2026-04-18 05:19:02,473 - [INFO] - Fetched 0 pending transactions
2026-04-18 05:19:07,488 - [INFO] - Fetched 0 pending transactions
2026-04-18 05:19:12,504 - [INFO] - Fetched 0 pending transactions
2026-04-18 05:19:17,521 - [INFO] - Fetched 0 pending transactions
2026-04-18 05:19:22,543 - [INFO] - Fetched 0 pending transactions
2026-04-18 05:19:27,573 - [INFO] - Fetched 0 pending transactions
2026-04-18 05:19:32,578 - [INFO] - Fetched 0 pending transactions
2026-04-18 05:19:37,600 - [INFO] - Fetched 0 pending transactions
2026-04-18 05:19:42,615 - [INFO] - Fetched 0 pending transactions
2026-04-18 05:19:47,639 - [INFO] - Fetched 0 pending transactions
2026-04-18 05:19:52,653 - [INFO] - Fetched 0 pending transactions
2026-04-18 05:19:57,658 - [INFO] - Fetched 0 pending transactions
2026-04-18 05:20:02,672 - [INFO] - Fetched 0 pending transactions
2026-04-18 05:20:07,677 - [INFO] - Fetched 0 pending transactions
2026-04-18 05:20:12,695 - [INFO] - Fetched 0 pending transactions
2026-04-18 05:20:17,725 - [INFO] - Fetched 0 pending transactions
2026-04-18 05:20:22,746 - [INFO] - Fetched 0 pending transactions
2026-04-18 05:20:27,764 - [INFO] - Fetched 0 pending transactions
2026-04-18 05:20:32,788 - [INFO] - Fetched 0 pending transactions
2026-04-18 05:20:37,807 - [INFO] - Fetched 0 pending transactions
2026-04-18 05:20:42,826 - [INFO] - Fetched 0 pending transactions
2026-04-18 05:20:47,867 - [INFO] - Fetched 0 pending transactions
2026-04-18 05:20:52,877 - [INFO] - Fetched 0 pending transactions
2026-04-18 05:20:57,882 - [INFO] - Fetched 0 pending transactions
2026-04-18 05:21:02,896 - [INFO] - Fetched 0 pending transactions
2026-04-18 05:21:07,925 - [INFO] - Fetched 0 pending transactions
2026-04-18 05:21:12,945 - [INFO] - Fetched 0 pending transactions
2026-04-18 05:21:17,966 - [INFO] - Fetched 0 pending transactions
2026-04-18 05:21:22,980 - [INFO] - Fetched 0 pending transactions
2026-04-18 05:21:28,007 - [INFO] - Fetched 0 pending transactions
2026-04-18 05:21:33,011 - [INFO] - Fetched 0 pending transactions
2026-04-18 05:21:38,036 - [INFO] - Fetched 0 pending transactions
2026-04-18 05:21:43,054 - [INFO] - Fetched 0 pending transactions
2026-04-18 05:21:48,075 - [INFO] - Fetched 0 pending transactions
2026-04-18 05:21:53,090 - [INFO] - Fetched 0 pending transactions
2026-04-18 05:21:58,115 - [INFO] - Fetched 0 pending transactions
2026-04-18 05:22:03,132 - [INFO] - Fetched 0 pending transactions
2026-04-18 05:22:08,153 - [INFO] - Fetched 0 pending transactions
2026-04-18 05:22:13,174 - [INFO] - Fetched 0 pending transactions
2026-04-18 05:22:18,180 - [INFO] - Fetched 0 pending transactions
2026-04-18 05:22:23,184 - [INFO] - Fetched 0 pending transactions
2026-04-18 05:22:28,211 - [INFO] - Fetched 0 pending transactions
2026-04-18 05:22:33,237 - [INFO] - Fetched 0 pending transactions
2026-04-18 05:22:38,241 - [INFO] - Fetched 0 pending transactions
2026-04-18 05:22:43,260 - [INFO] - Fetched 0 pending transactions
2026-04-18 05:22:48,285 - [INFO] - Fetched 0 pending transactions
2026-04-18 05:22:53,292 - [INFO] - Fetched 0 pending transactions
2026-04-18 05:22:58,305 - [INFO] - Fetched 0 pending transactions
2026-04-18 05:23:03,329 - [INFO] - Fetched 0 pending transactions
2026-04-18 05:23:08,350 - [INFO] - Fetched 0 pending transactions
2026-04-18 05:23:13,355 - [INFO] - Fetched 0 pending transactions
2026-04-18 05:23:18,375 - [INFO] - Fetched 0 pending transactions
2026-04-18 05:23:23,381 - [INFO] - Fetched 0 pending transactions
2026-04-18 05:23:28,386 - [INFO] - Fetched 0 pending transactions
2026-04-18 05:23:33,391 - [INFO] - Fetched 0 pending transactions
2026-04-18 05:23:38,410 - [INFO] - Fetched 0 pending transactions
2026-04-18 05:23:43,416 - [INFO] - Fetched 0 pending transactions
2026-04-18 05:23:48,423 - [INFO] - Fetched 0 pending transactions
2026-04-18 05:23:53,429 - [INFO] - Fetched 0 pending transactions
2026-04-18 05:23:58,452 - [INFO] - Fetched 0 pending transactions
2026-04-18 05:24:03,459 - [INFO] - Fetched 0 pending transactions
2026-04-18 05:24:08,465 - [INFO] - Fetched 1 pending transactions
2026-04-18 05:24:08,481 - [INFO] - Mining block with 2 transactions
2026-04-18 05:24:08,549 - [INFO] - Block mined successfully in 0.07s after 2,407 attempts
2026-04-18 05:24:08,558 - [INFO] - Block submitted successfully: {'message': 'Block accepted'}
2026-04-18 05:24:10,577 - [INFO] - Fetched 0 pending transactions
2026-04-18 05:24:15,583 - [INFO] - Fetched 0 pending transactions
2026-04-18 05:24:20,609 - [INFO] - Fetched 1 pending transactions
2026-04-18 05:24:20,634 - [INFO] - Mining block with 2 transactions
2026-04-18 05:24:20,666 - [INFO] - Block mined successfully in 0.03s after 1,078 attempts
2026-04-18 05:24:20,685 - [INFO] - Block submitted successfully: {'message': 'Block accepted'}
2026-04-18 05:24:22,692 - [INFO] - Fetched 0 pending transactions
2026-04-18 05:24:27,697 - [INFO] - Fetched 1 pending transactions
2026-04-18 05:24:27,704 - [INFO] - Mining block with 2 transactions
2026-04-18 05:24:27,836 - [INFO] - Block mined successfully in 0.13s after 4,671 attempts
2026-04-18 05:24:27,843 - [INFO] - Block submitted successfully: {'message': 'Block accepted'}
2026-04-18 05:24:29,850 - [INFO] - Fetched 0 pending transactions
2026-04-18 05:24:34,856 - [INFO] - Fetched 0 pending transactions
2026-04-18 05:24:39,885 - [INFO] - Fetched 0 pending transactions
2026-04-18 05:24:44,907 - [INFO] - Fetched 0 pending transactions
2026-04-18 05:24:49,912 - [INFO] - Fetched 0 pending transactions
2026-04-18 05:24:54,931 - [INFO] - Fetched 0 pending transactions
2026-04-18 05:24:59,955 - [INFO] - Fetched 0 pending transactions
2026-04-18 05:25:04,972 - [INFO] - Fetched 0 pending transactions
2026-04-18 05:25:09,978 - [INFO] - Fetched 0 pending transactions
2026-04-18 05:25:14,985 - [INFO] - Fetched 0 pending transactions
2026-04-18 05:25:20,008 - [INFO] - Fetched 0 pending transactions
2026-04-18 05:25:25,032 - [INFO] - Fetched 0 pending transactions
2026-04-18 05:25:30,054 - [INFO] - Fetched 0 pending transactions
2026-04-18 05:25:35,078 - [INFO] - Fetched 0 pending transactions
2026-04-18 05:25:40,086 - [INFO] - Fetched 0 pending transactions
2026-04-18 05:25:45,117 - [INFO] - Fetched 0 pending transactions
2026-04-18 05:25:50,137 - [INFO] - Fetched 0 pending transactions
2026-04-18 05:25:55,155 - [INFO] - Fetched 0 pending transactions
2026-04-18 05:26:00,160 - [INFO] - Fetched 0 pending transactions
2026-04-18 05:26:05,166 - [INFO] - Fetched 0 pending transactions
2026-04-18 05:26:10,181 - [INFO] - Fetched 0 pending transactions
2026-04-18 05:26:15,188 - [INFO] - Fetched 0 pending transactions
2026-04-18 05:26:20,202 - [INFO] - Fetched 0 pending transactions
2026-04-18 05:26:25,222 - [INFO] - Fetched 0 pending transactions
2026-04-18 05:26:30,244 - [INFO] - Fetched 0 pending transactions
2026-04-18 05:26:35,249 - [INFO] - Fetched 0 pending transactions
2026-04-18 05:26:40,255 - [INFO] - Fetched 0 pending transactions
2026-04-18 05:26:45,260 - [INFO] - Fetched 0 pending transactions
2026-04-18 05:26:50,266 - [INFO] - Fetched 0 pending transactions
2026-04-18 05:26:55,295 - [INFO] - Fetched 0 pending transactions
2026-04-18 05:27:00,300 - [INFO] - Fetched 0 pending transactions
2026-04-18 05:27:05,305 - [INFO] - Fetched 0 pending transactions
2026-04-18 05:27:10,319 - [INFO] - Fetched 0 pending transactions
2026-04-18 05:27:15,326 - [INFO] - Fetched 0 pending transactions
2026-04-18 05:27:20,345 - [INFO] - Fetched 0 pending transactions
2026-04-18 05:27:25,350 - [INFO] - Fetched 0 pending transactions
2026-04-18 05:27:30,370 - [INFO] - Fetched 0 pending transactions
2026-04-18 05:27:35,388 - [INFO] - Fetched 0 pending transactions
2026-04-18 05:27:40,395 - [INFO] - Fetched 0 pending transactions
2026-04-18 05:27:45,401 - [INFO] - Fetched 0 pending transactions
2026-04-18 05:27:50,407 - [INFO] - Fetched 0 pending transactions
2026-04-18 05:27:55,425 - [INFO] - Fetched 0 pending transactions
2026-04-18 05:28:00,453 - [INFO] - Fetched 0 pending transactions
2026-04-18 05:28:05,459 - [INFO] - Fetched 0 pending transactions
2026-04-18 05:28:10,467 - [INFO] - Fetched 0 pending transactions
2026-04-18 05:28:15,488 - [INFO] - Fetched 0 pending transactions
2026-04-18 05:28:20,497 - [INFO] - Fetched 0 pending transactions
2026-04-18 05:28:25,505 - [INFO] - Fetched 0 pending transactions
2026-04-18 05:28:30,521 - [INFO] - Fetched 0 pending transactions
2026-04-18 05:28:35,621 - [INFO] - Fetched 0 pending transactions
2026-04-18 05:28:40,638 - [INFO] - Fetched 0 pending transactions
2026-04-18 05:28:45,660 - [INFO] - Fetched 0 pending transactions
2026-04-18 05:28:50,667 - [INFO] - Fetched 0 pending transactions
2026-04-18 05:28:55,687 - [INFO] - Fetched 0 pending transactions
2026-04-18 05:29:00,701 - [INFO] - Fetched 0 pending transactions
2026-04-18 05:29:05,722 - [INFO] - Fetched 0 pending transactions
2026-04-18 05:29:10,728 - [INFO] - Fetched 0 pending transactions
2026-04-18 05:29:15,758 - [INFO] - Fetched 0 pending transactions
2026-04-18 05:29:20,763 - [INFO] - Fetched 0 pending transactions
2026-04-18 05:29:25,779 - [INFO] - Fetched 0 pending transactions
2026-04-18 05:29:30,799 - [INFO] - Fetched 0 pending transactions
2026-04-18 05:29:35,819 - [INFO] - Fetched 0 pending transactions
2026-04-18 05:29:40,835 - [INFO] - Fetched 0 pending transactions
2026-04-18 05:29:45,855 - [INFO] - Fetched 0 pending transactions
2026-04-18 05:29:50,875 - [INFO] - Fetched 0 pending transactions
2026-04-18 05:29:55,894 - [INFO] - Fetched 0 pending transactions
2026-04-18 05:30:00,916 - [INFO] - Fetched 0 pending transactions
2026-04-18 05:30:05,946 - [INFO] - Fetched 0 pending transactions
2026-04-18 05:30:10,969 - [INFO] - Fetched 0 pending transactions
2026-04-18 05:30:15,974 - [INFO] - Fetched 0 pending transactions
2026-04-18 05:30:20,995 - [INFO] - Fetched 0 pending transactions
2026-04-18 05:30:26,014 - [INFO] - Fetched 0 pending transactions
2026-04-18 05:30:31,037 - [INFO] - Fetched 0 pending transactions
2026-04-18 05:30:36,055 - [INFO] - Fetched 0 pending transactions
2026-04-18 05:30:41,083 - [INFO] - Fetched 0 pending transactions
2026-04-18 05:30:46,088 - [INFO] - Fetched 0 pending transactions
2026-04-18 05:30:51,093 - [INFO] - Fetched 0 pending transactions
2026-04-18 05:30:56,099 - [INFO] - Fetched 0 pending transactions
2026-04-18 05:31:01,104 - [INFO] - Fetched 0 pending transactions
2026-04-18 05:31:06,109 - [INFO] - Fetched 0 pending transactions
2026-04-18 05:31:11,115 - [INFO] - Fetched 0 pending transactions
2026-04-18 05:31:16,132 - [INFO] - Fetched 0 pending transactions
2026-04-18 05:31:21,138 - [INFO] - Fetched 0 pending transactions
2026-04-18 05:31:26,144 - [INFO] - Fetched 0 pending transactions
2026-04-18 05:31:31,158 - [INFO] - Fetched 0 pending transactions
2026-04-18 05:31:36,164 - [INFO] - Fetched 0 pending transactions
2026-04-18 05:31:41,169 - [INFO] - Fetched 0 pending transactions
2026-04-18 05:31:46,185 - [INFO] - Fetched 0 pending transactions
2026-04-18 05:31:51,189 - [INFO] - Fetched 0 pending transactions
2026-04-18 05:31:56,194 - [INFO] - Fetched 0 pending transactions
2026-04-18 05:32:01,208 - [INFO] - Fetched 0 pending transactions
2026-04-18 05:32:06,228 - [INFO] - Fetched 0 pending transactions
2026-04-18 05:32:11,232 - [INFO] - Fetched 0 pending transactions
2026-04-18 05:32:16,259 - [INFO] - Fetched 0 pending transactions
2026-04-18 05:32:21,276 - [INFO] - Fetched 0 pending transactions
2026-04-18 05:32:26,298 - [INFO] - Fetched 0 pending transactions
2026-04-18 05:32:31,322 - [INFO] - Fetched 0 pending transactions
2026-04-18 05:32:36,340 - [INFO] - Fetched 0 pending transactions
2026-04-18 05:32:41,345 - [INFO] - Fetched 0 pending transactions
2026-04-18 05:32:46,364 - [INFO] - Fetched 0 pending transactions
2026-04-18 05:32:51,380 - [INFO] - Fetched 0 pending transactions
2026-04-18 05:32:56,386 - [INFO] - Fetched 0 pending transactions
2026-04-18 05:33:01,410 - [INFO] - Fetched 0 pending transactions
2026-04-18 05:33:06,424 - [INFO] - Fetched 0 pending transactions
2026-04-18 05:33:11,447 - [INFO] - Fetched 0 pending transactions
2026-04-18 05:33:16,452 - [INFO] - Fetched 0 pending transactions
2026-04-18 05:33:21,480 - [INFO] - Fetched 0 pending transactions
2026-04-18 05:33:26,485 - [INFO] - Fetched 0 pending transactions
2026-04-18 05:33:31,490 - [INFO] - Fetched 0 pending transactions
2026-04-18 05:33:36,506 - [INFO] - Fetched 0 pending transactions
2026-04-18 05:33:41,520 - [INFO] - Fetched 0 pending transactions
2026-04-18 05:33:46,526 - [INFO] - Fetched 0 pending transactions
2026-04-18 05:33:51,531 - [INFO] - Fetched 0 pending transactions
2026-04-18 05:33:56,537 - [INFO] - Fetched 0 pending transactions
2026-04-18 05:34:01,544 - [INFO] - Fetched 0 pending transactions
2026-04-18 05:34:06,562 - [INFO] - Fetched 0 pending transactions
2026-04-18 05:34:11,590 - [INFO] - Fetched 0 pending transactions
2026-04-18 05:34:16,609 - [INFO] - Fetched 0 pending transactions
2026-04-18 05:34:21,632 - [INFO] - Fetched 0 pending transactions
2026-04-18 05:34:26,651 - [INFO] - Fetched 0 pending transactions
2026-04-18 05:34:31,668 - [INFO] - Fetched 0 pending transactions
2026-04-18 05:34:36,692 - [INFO] - Fetched 0 pending transactions
2026-04-18 05:34:41,698 - [INFO] - Fetched 0 pending transactions
2026-04-18 05:34:46,727 - [INFO] - Fetched 0 pending transactions
2026-04-18 05:34:51,732 - [INFO] - Fetched 0 pending transactions
2026-04-18 05:34:56,758 - [INFO] - Fetched 0 pending transactions
2026-04-18 05:35:01,774 - [INFO] - Fetched 0 pending transactions
2026-04-18 05:35:06,797 - [INFO] - Fetched 0 pending transactions
2026-04-18 05:35:11,811 - [INFO] - Fetched 0 pending transactions
2026-04-18 05:35:16,816 - [INFO] - Fetched 0 pending transactions
2026-04-18 05:35:21,822 - [INFO] - Fetched 0 pending transactions
2026-04-18 05:35:26,828 - [INFO] - Fetched 0 pending transactions
2026-04-18 05:35:31,834 - [INFO] - Fetched 0 pending transactions
2026-04-18 05:35:36,855 - [INFO] - Fetched 0 pending transactions
2026-04-18 05:35:41,871 - [INFO] - Fetched 0 pending transactions
2026-04-18 05:35:46,886 - [INFO] - Fetched 0 pending transactions
2026-04-18 05:35:51,892 - [INFO] - Fetched 0 pending transactions
2026-04-18 05:35:56,908 - [INFO] - Fetched 0 pending transactions
2026-04-18 05:36:01,914 - [INFO] - Fetched 0 pending transactions
2026-04-18 05:36:06,920 - [INFO] - Fetched 0 pending transactions
2026-04-18 05:36:11,932 - [INFO] - Fetched 0 pending transactions
2026-04-18 05:36:16,950 - [INFO] - Fetched 0 pending transactions
2026-04-18 05:36:21,955 - [INFO] - Fetched 0 pending transactions
2026-04-18 05:36:26,963 - [INFO] - Fetched 0 pending transactions
2026-04-18 05:36:31,970 - [INFO] - Fetched 0 pending transactions
2026-04-18 05:36:36,992 - [INFO] - Fetched 0 pending transactions
2026-04-18 05:36:41,999 - [INFO] - Fetched 0 pending transactions
2026-04-18 05:36:47,008 - [INFO] - Fetched 0 pending transactions
2026-04-18 05:36:52,014 - [INFO] - Fetched 0 pending transactions
2026-04-18 05:36:57,021 - [INFO] - Fetched 0 pending transactions
2026-04-18 05:37:02,026 - [INFO] - Fetched 0 pending transactions
2026-04-18 05:37:07,032 - [INFO] - Fetched 0 pending transactions
2026-04-18 05:37:12,061 - [INFO] - Fetched 0 pending transactions
2026-04-18 05:37:17,067 - [INFO] - Fetched 0 pending transactions
2026-04-18 05:37:22,086 - [INFO] - Fetched 0 pending transactions
2026-04-18 05:37:27,105 - [INFO] - Fetched 0 pending transactions
2026-04-18 05:37:32,124 - [INFO] - Fetched 0 pending transactions
2026-04-18 05:37:37,129 - [INFO] - Fetched 0 pending transactions
2026-04-18 05:37:42,134 - [INFO] - Fetched 0 pending transactions
2026-04-18 05:37:47,152 - [INFO] - Fetched 0 pending transactions
2026-04-18 05:37:52,180 - [INFO] - Fetched 0 pending transactions
2026-04-18 05:37:57,200 - [INFO] - Fetched 0 pending transactions
2026-04-18 05:38:02,219 - [INFO] - Fetched 0 pending transactions
2026-04-18 05:38:07,241 - [INFO] - Fetched 0 pending transactions
2026-04-18 05:38:12,258 - [INFO] - Fetched 0 pending transactions
2026-04-18 05:38:17,276 - [INFO] - Fetched 0 pending transactions
2026-04-18 05:38:22,306 - [INFO] - Fetched 0 pending transactions
2026-04-18 05:38:27,333 - [INFO] - Fetched 0 pending transactions
2026-04-18 05:38:32,338 - [INFO] - Fetched 0 pending transactions
2026-04-18 05:38:37,365 - [INFO] - Fetched 0 pending transactions
2026-04-18 05:38:42,370 - [INFO] - Fetched 0 pending transactions
2026-04-18 05:38:47,375 - [INFO] - Fetched 0 pending transactions
2026-04-18 05:38:52,380 - [INFO] - Fetched 0 pending transactions
2026-04-18 05:38:57,386 - [INFO] - Fetched 0 pending transactions
2026-04-18 05:39:02,411 - [INFO] - Fetched 0 pending transactions
2026-04-18 05:39:07,417 - [INFO] - Fetched 0 pending transactions
2026-04-18 05:39:12,423 - [INFO] - Fetched 0 pending transactions
2026-04-18 05:39:17,430 - [INFO] - Fetched 0 pending transactions
2026-04-18 05:39:22,435 - [INFO] - Fetched 0 pending transactions
2026-04-18 05:39:27,452 - [INFO] - Fetched 0 pending transactions
2026-04-18 05:39:32,458 - [INFO] - Fetched 0 pending transactions
2026-04-18 05:39:37,463 - [INFO] - Fetched 0 pending transactions
2026-04-18 05:39:42,469 - [INFO] - Fetched 0 pending transactions
2026-04-18 05:39:47,475 - [INFO] - Fetched 0 pending transactions
2026-04-18 05:39:52,490 - [INFO] - Fetched 0 pending transactions
2026-04-18 05:39:57,496 - [INFO] - Fetched 0 pending transactions
2026-04-18 05:40:02,512 - [INFO] - Fetched 0 pending transactions
2026-04-18 05:40:07,518 - [INFO] - Fetched 0 pending transactions
2026-04-18 05:40:12,525 - [INFO] - Fetched 0 pending transactions
2026-04-18 05:40:17,530 - [INFO] - Fetched 0 pending transactions
2026-04-18 05:40:22,536 - [INFO] - Fetched 0 pending transactions
2026-04-18 05:40:27,542 - [INFO] - Fetched 0 pending transactions
2026-04-18 05:40:32,568 - [INFO] - Fetched 0 pending transactions
2026-04-18 05:40:37,574 - [INFO] - Fetched 0 pending transactions
2026-04-18 05:40:42,578 - [INFO] - Fetched 0 pending transactions
2026-04-18 05:40:47,585 - [INFO] - Fetched 0 pending transactions
2026-04-18 05:40:52,591 - [INFO] - Fetched 0 pending transactions
2026-04-18 05:40:57,597 - [INFO] - Fetched 0 pending transactions
2026-04-18 05:41:02,603 - [INFO] - Fetched 0 pending transactions
2026-04-18 05:41:07,624 - [INFO] - Fetched 0 pending transactions
2026-04-18 05:41:12,645 - [INFO] - Fetched 0 pending transactions
2026-04-18 05:41:17,688 - [INFO] - Fetched 0 pending transactions
2026-04-18 05:41:22,705 - [INFO] - Fetched 0 pending transactions
2026-04-18 05:41:27,710 - [INFO] - Fetched 0 pending transactions
2026-04-18 05:41:32,730 - [INFO] - Fetched 0 pending transactions
2026-04-18 05:41:37,751 - [INFO] - Fetched 0 pending transactions
2026-04-18 05:41:42,756 - [INFO] - Fetched 0 pending transactions
2026-04-18 05:41:47,786 - [INFO] - Fetched 0 pending transactions
2026-04-18 05:41:52,791 - [INFO] - Fetched 0 pending transactions
2026-04-18 05:41:57,811 - [INFO] - Fetched 0 pending transactions
2026-04-18 05:42:02,840 - [INFO] - Fetched 0 pending transactions
2026-04-18 05:42:07,861 - [INFO] - Fetched 0 pending transactions
2026-04-18 05:42:12,890 - [INFO] - Fetched 0 pending transactions
2026-04-18 05:42:17,896 - [INFO] - Fetched 0 pending transactions
2026-04-18 05:42:22,921 - [INFO] - Fetched 0 pending transactions
2026-04-18 05:42:27,926 - [INFO] - Fetched 0 pending transactions
2026-04-18 05:42:32,933 - [INFO] - Fetched 0 pending transactions
2026-04-18 05:42:37,952 - [INFO] - Fetched 0 pending transactions
2026-04-18 05:42:42,958 - [INFO] - Fetched 0 pending transactions
2026-04-18 05:42:47,982 - [INFO] - Fetched 0 pending transactions
2026-04-18 05:42:53,003 - [INFO] - Fetched 0 pending transactions
2026-04-18 05:42:58,020 - [INFO] - Fetched 0 pending transactions
2026-04-18 05:43:03,027 - [INFO] - Fetched 0 pending transactions
2026-04-18 05:43:08,033 - [INFO] - Fetched 0 pending transactions
2026-04-18 05:43:13,039 - [INFO] - Fetched 0 pending transactions
2026-04-18 05:43:18,045 - [INFO] - Fetched 0 pending transactions
2026-04-18 05:43:23,072 - [INFO] - Fetched 0 pending transactions
2026-04-18 05:43:28,094 - [INFO] - Fetched 0 pending transactions
2026-04-18 05:43:33,100 - [INFO] - Fetched 0 pending transactions
2026-04-18 05:43:38,120 - [INFO] - Fetched 0 pending transactions
2026-04-18 05:43:43,146 - [INFO] - Fetched 0 pending transactions
2026-04-18 05:43:48,154 - [INFO] - Fetched 0 pending transactions
2026-04-18 05:43:53,177 - [INFO] - Fetched 0 pending transactions
2026-04-18 05:43:58,194 - [INFO] - Fetched 0 pending transactions
2026-04-18 05:44:03,200 - [INFO] - Fetched 0 pending transactions
2026-04-18 05:44:08,216 - [INFO] - Fetched 0 pending transactions
2026-04-18 05:44:13,235 - [INFO] - Fetched 0 pending transactions
2026-04-18 05:44:18,261 - [INFO] - Fetched 0 pending transactions
2026-04-18 05:44:23,266 - [INFO] - Fetched 0 pending transactions
2026-04-18 05:44:28,282 - [INFO] - Fetched 0 pending transactions
2026-04-18 05:44:33,287 - [INFO] - Fetched 0 pending transactions
2026-04-18 05:44:38,293 - [INFO] - Fetched 0 pending transactions
2026-04-18 05:44:43,299 - [INFO] - Fetched 0 pending transactions
2026-04-18 05:44:48,305 - [INFO] - Fetched 0 pending transactions
2026-04-18 05:44:53,322 - [INFO] - Fetched 0 pending transactions
2026-04-18 05:44:58,338 - [INFO] - Fetched 0 pending transactions
2026-04-18 05:45:03,366 - [INFO] - Fetched 0 pending transactions
2026-04-18 05:45:08,398 - [INFO] - Fetched 0 pending transactions
2026-04-18 05:45:13,418 - [INFO] - Fetched 0 pending transactions
2026-04-18 05:45:18,434 - [INFO] - Fetched 0 pending transactions
2026-04-18 05:45:23,459 - [INFO] - Fetched 0 pending transactions
2026-04-18 05:45:28,484 - [INFO] - Fetched 0 pending transactions
2026-04-18 05:45:33,489 - [INFO] - Fetched 0 pending transactions
2026-04-18 05:45:38,512 - [INFO] - Fetched 0 pending transactions
2026-04-18 05:45:43,540 - [INFO] - Fetched 0 pending transactions
2026-04-18 05:45:48,546 - [INFO] - Fetched 0 pending transactions
2026-04-18 05:45:53,569 - [INFO] - Fetched 0 pending transactions
2026-04-18 05:45:58,598 - [INFO] - Fetched 0 pending transactions
2026-04-18 05:46:03,606 - [INFO] - Fetched 0 pending transactions
2026-04-18 05:46:08,611 - [INFO] - Fetched 0 pending transactions
2026-04-18 05:46:13,630 - [INFO] - Fetched 0 pending transactions
2026-04-18 05:46:18,636 - [INFO] - Fetched 0 pending transactions
2026-04-18 05:46:23,642 - [INFO] - Fetched 0 pending transactions
2026-04-18 05:46:28,647 - [INFO] - Fetched 0 pending transactions
2026-04-18 05:46:33,668 - [INFO] - Fetched 0 pending transactions
2026-04-18 05:46:38,683 - [INFO] - Fetched 0 pending transactions
2026-04-18 05:46:43,688 - [INFO] - Fetched 0 pending transactions
2026-04-18 05:46:48,694 - [INFO] - Fetched 0 pending transactions
2026-04-18 05:46:53,699 - [INFO] - Fetched 0 pending transactions
2026-04-18 05:46:58,714 - [INFO] - Fetched 0 pending transactions
2026-04-18 05:47:03,743 - [INFO] - Fetched 0 pending transactions
2026-04-18 05:47:08,761 - [INFO] - Fetched 0 pending transactions
2026-04-18 05:47:13,768 - [INFO] - Fetched 0 pending transactions
2026-04-18 05:47:18,773 - [INFO] - Fetched 0 pending transactions
2026-04-18 05:47:23,799 - [INFO] - Fetched 0 pending transactions
2026-04-18 05:47:28,826 - [INFO] - Fetched 0 pending transactions
2026-04-18 05:47:33,840 - [INFO] - Fetched 0 pending transactions
2026-04-18 05:47:38,846 - [INFO] - Fetched 0 pending transactions
2026-04-18 05:47:43,862 - [INFO] - Fetched 0 pending transactions
2026-04-18 05:47:48,868 - [INFO] - Fetched 0 pending transactions
2026-04-18 05:47:53,876 - [INFO] - Fetched 0 pending transactions
2026-04-18 05:47:58,882 - [INFO] - Fetched 0 pending transactions
2026-04-18 05:48:03,912 - [INFO] - Fetched 0 pending transactions
2026-04-18 05:48:08,919 - [INFO] - Fetched 0 pending transactions
2026-04-18 05:48:13,926 - [INFO] - Fetched 0 pending transactions
2026-04-18 05:48:18,930 - [INFO] - Fetched 0 pending transactions
2026-04-18 05:48:23,960 - [INFO] - Fetched 0 pending transactions
2026-04-18 05:48:28,966 - [INFO] - Fetched 0 pending transactions
2026-04-18 05:48:33,972 - [INFO] - Fetched 0 pending transactions
2026-04-18 05:48:38,992 - [INFO] - Fetched 0 pending transactions
2026-04-18 05:48:44,010 - [INFO] - Fetched 0 pending transactions
2026-04-18 05:48:49,025 - [INFO] - Fetched 0 pending transactions
2026-04-18 05:48:54,053 - [INFO] - Fetched 0 pending transactions
2026-04-18 05:48:59,078 - [INFO] - Fetched 0 pending transactions
2026-04-18 05:49:04,085 - [INFO] - Fetched 0 pending transactions
2026-04-18 05:49:09,090 - [INFO] - Fetched 0 pending transactions
2026-04-18 05:49:14,096 - [INFO] - Fetched 0 pending transactions
2026-04-18 05:49:19,115 - [INFO] - Fetched 0 pending transactions
2026-04-18 05:49:24,145 - [INFO] - Fetched 0 pending transactions
2026-04-18 05:49:29,172 - [INFO] - Fetched 0 pending transactions
2026-04-18 05:49:34,178 - [INFO] - Fetched 0 pending transactions
2026-04-18 05:49:39,184 - [INFO] - Fetched 0 pending transactions
2026-04-18 05:49:44,199 - [INFO] - Fetched 0 pending transactions
2026-04-18 05:49:49,205 - [INFO] - Fetched 0 pending transactions
2026-04-18 05:49:54,211 - [INFO] - Fetched 0 pending transactions
2026-04-18 05:49:59,217 - [INFO] - Fetched 0 pending transactions
2026-04-18 05:50:04,223 - [INFO] - Fetched 0 pending transactions
2026-04-18 05:50:09,242 - [INFO] - Fetched 0 pending transactions
2026-04-18 05:50:14,248 - [INFO] - Fetched 0 pending transactions
2026-04-18 05:50:19,254 - [INFO] - Fetched 0 pending transactions
2026-04-18 05:50:24,270 - [INFO] - Fetched 0 pending transactions
2026-04-18 05:50:29,276 - [INFO] - Fetched 0 pending transactions
2026-04-18 05:50:34,299 - [INFO] - Fetched 0 pending transactions
2026-04-18 05:50:39,305 - [INFO] - Fetched 0 pending transactions
2026-04-18 05:50:44,331 - [INFO] - Fetched 0 pending transactions
2026-04-18 05:50:49,359 - [INFO] - Fetched 0 pending transactions
2026-04-18 05:50:54,379 - [INFO] - Fetched 0 pending transactions
2026-04-18 05:50:59,401 - [INFO] - Fetched 0 pending transactions
2026-04-18 05:51:04,416 - [INFO] - Fetched 0 pending transactions
2026-04-18 05:51:09,433 - [INFO] - Fetched 0 pending transactions
2026-04-18 05:51:14,438 - [INFO] - Fetched 0 pending transactions
2026-04-18 05:51:19,466 - [INFO] - Fetched 0 pending transactions
2026-04-18 05:51:24,473 - [INFO] - Fetched 0 pending transactions
2026-04-18 05:51:29,480 - [INFO] - Fetched 0 pending transactions
2026-04-18 05:51:34,499 - [INFO] - Fetched 0 pending transactions
2026-04-18 05:51:39,508 - [INFO] - Fetched 0 pending transactions
2026-04-18 05:51:44,527 - [INFO] - Fetched 0 pending transactions
2026-04-18 05:51:49,532 - [INFO] - Fetched 0 pending transactions
2026-04-18 05:51:54,538 - [INFO] - Fetched 0 pending transactions
2026-04-18 05:51:59,546 - [INFO] - Fetched 0 pending transactions
2026-04-18 05:52:04,551 - [INFO] - Fetched 0 pending transactions
2026-04-18 05:52:09,578 - [INFO] - Fetched 0 pending transactions
2026-04-18 05:52:14,585 - [INFO] - Fetched 0 pending transactions
2026-04-18 05:52:19,590 - [INFO] - Fetched 0 pending transactions
2026-04-18 05:52:24,613 - [INFO] - Fetched 0 pending transactions
2026-04-18 05:52:29,620 - [INFO] - Fetched 0 pending transactions
2026-04-18 05:52:34,635 - [INFO] - Fetched 0 pending transactions
2026-04-18 05:52:39,642 - [INFO] - Fetched 0 pending transactions
2026-04-18 05:52:44,664 - [INFO] - Fetched 0 pending transactions
2026-04-18 05:52:49,672 - [INFO] - Fetched 0 pending transactions
2026-04-18 05:52:54,678 - [INFO] - Fetched 0 pending transactions
2026-04-18 05:52:59,693 - [INFO] - Fetched 0 pending transactions
2026-04-18 05:53:04,704 - [INFO] - Fetched 0 pending transactions
2026-04-18 05:53:09,719 - [INFO] - Fetched 0 pending transactions
2026-04-18 05:53:14,727 - [INFO] - Fetched 0 pending transactions
2026-04-18 05:53:19,733 - [INFO] - Fetched 0 pending transactions
2026-04-18 05:53:24,752 - [INFO] - Fetched 0 pending transactions
2026-04-18 05:53:29,758 - [INFO] - Fetched 0 pending transactions
2026-04-18 05:53:34,764 - [INFO] - Fetched 0 pending transactions
2026-04-18 05:53:36,472 - [INFO] - Mining stopped by user
2026-04-18 06:00:59,683 - [INFO] - Miner started
2026-04-18 06:00:59,684 - [INFO] - Miner blockchain initialized with 6 blocks
2026-04-18 06:01:00,974 - [INFO] - Miner wallet created: 0x6511ef68dcebd2d6414b05ce558b1e7ce46ed83488e0dbe76d3ddb963a4f3b34
2026-04-18 06:01:00,983 - [INFO] - Fetched 1 pending transactions
2026-04-18 06:01:00,999 - [INFO] - Mining block with 2 transactions
2026-04-18 06:01:01,039 - [INFO] - Block mined successfully in 0.04s after 2,091 attempts
2026-04-18 06:01:01,058 - [INFO] - Block submitted successfully: {'message': 'Block accepted'}
2026-04-18 06:01:03,078 - [INFO] - Fetched 0 pending transactions
2026-04-18 06:01:08,084 - [INFO] - Fetched 0 pending transactions
2026-04-18 06:01:13,089 - [INFO] - Fetched 0 pending transactions
2026-04-18 06:01:18,108 - [INFO] - Fetched 0 pending transactions
2026-04-18 06:01:23,115 - [INFO] - Fetched 0 pending transactions
2026-04-18 06:01:28,143 - [INFO] - Fetched 0 pending transactions
2026-04-18 06:01:33,171 - [INFO] - Fetched 0 pending transactions
2026-04-18 06:01:38,177 - [INFO] - Fetched 0 pending transactions
2026-04-18 06:01:43,183 - [INFO] - Fetched 0 pending transactions
2026-04-18 06:01:48,214 - [INFO] - Fetched 0 pending transactions
2026-04-18 06:01:53,219 - [INFO] - Fetched 0 pending transactions
2026-04-18 06:01:58,252 - [INFO] - Fetched 0 pending transactions
2026-04-18 06:02:03,273 - [INFO] - Fetched 0 pending transactions
2026-04-18 06:02:08,300 - [INFO] - Fetched 0 pending transactions
2026-04-18 06:02:13,306 - [INFO] - Fetched 0 pending transactions
2026-04-18 06:02:18,312 - [INFO] - Fetched 0 pending transactions
2026-04-18 06:02:23,328 - [INFO] - Fetched 0 pending transactions
2026-04-18 06:02:28,333 - [INFO] - Fetched 0 pending transactions
2026-04-18 06:02:33,339 - [INFO] - Fetched 0 pending transactions
2026-04-18 06:02:38,345 - [INFO] - Fetched 0 pending transactions
2026-04-18 06:02:43,351 - [INFO] - Fetched 0 pending transactions
2026-04-18 06:02:48,357 - [INFO] - Fetched 0 pending transactions
2026-04-18 06:02:53,363 - [INFO] - Fetched 0 pending transactions
2026-04-18 06:02:58,368 - [INFO] - Fetched 0 pending transactions
2026-04-18 06:03:03,387 - [INFO] - Fetched 0 pending transactions
2026-04-18 06:03:08,409 - [INFO] - Fetched 0 pending transactions
2026-04-18 06:03:13,438 - [INFO] - Fetched 0 pending transactions
2026-04-18 06:03:18,444 - [INFO] - Fetched 0 pending transactions
2026-04-18 06:03:23,450 - [INFO] - Fetched 0 pending transactions
2026-04-18 06:03:28,470 - [INFO] - Fetched 0 pending transactions
2026-04-18 06:03:33,493 - [INFO] - Fetched 0 pending transactions
2026-04-18 06:03:38,500 - [INFO] - Fetched 0 pending transactions
2026-04-18 06:03:43,506 - [INFO] - Fetched 0 pending transactions
2026-04-18 06:03:48,525 - [INFO] - Fetched 0 pending transactions
2026-04-18 06:03:53,531 - [INFO] - Fetched 0 pending transactions
2026-04-18 06:03:58,537 - [INFO] - Fetched 0 pending transactions
2026-04-18 06:04:03,547 - [INFO] - Fetched 0 pending transactions
2026-04-18 06:04:08,556 - [INFO] - Fetched 0 pending transactions
2026-04-18 06:04:13,581 - [INFO] - Fetched 0 pending transactions
2026-04-18 06:04:18,588 - [INFO] - Fetched 0 pending transactions
2026-04-18 06:04:23,602 - [INFO] - Fetched 0 pending transactions
2026-04-18 06:04:28,608 - [INFO] - Fetched 0 pending transactions
2026-04-18 06:04:33,626 - [INFO] - Fetched 0 pending transactions
2026-04-18 06:04:38,642 - [INFO] - Fetched 0 pending transactions
2026-04-18 06:04:43,648 - [INFO] - Fetched 0 pending transactions
2026-04-18 06:04:48,654 - [INFO] - Fetched 0 pending transactions
2026-04-18 06:04:53,661 - [INFO] - Fetched 0 pending transactions
2026-04-18 06:04:58,676 - [INFO] - Fetched 0 pending transactions
2026-04-18 06:05:03,681 - [INFO] - Fetched 0 pending transactions
2026-04-18 06:05:08,687 - [INFO] - Fetched 0 pending transactions
2026-04-18 06:05:13,704 - [INFO] - Fetched 0 pending transactions
2026-04-18 06:05:18,710 - [INFO] - Fetched 0 pending transactions
2026-04-18 06:05:23,727 - [INFO] - Fetched 0 pending transactions
2026-04-18 06:05:28,741 - [INFO] - Fetched 0 pending transactions
2026-04-18 06:05:33,746 - [INFO] - Fetched 0 pending transactions
2026-04-18 06:05:38,751 - [INFO] - Fetched 0 pending transactions
2026-04-18 06:05:43,775 - [INFO] - Fetched 0 pending transactions
2026-04-18 06:05:48,782 - [INFO] - Fetched 0 pending transactions
2026-04-18 06:05:53,788 - [INFO] - Fetched 0 pending transactions
2026-04-18 06:05:58,816 - [INFO] - Fetched 0 pending transactions
2026-04-18 06:06:03,823 - [INFO] - Fetched 0 pending transactions
2026-04-18 06:06:08,828 - [INFO] - Fetched 0 pending transactions
2026-04-18 06:06:13,834 - [INFO] - Fetched 0 pending transactions
2026-04-18 06:06:18,840 - [INFO] - Fetched 0 pending transactions
2026-04-18 06:06:23,846 - [INFO] - Fetched 0 pending transactions
2026-04-18 06:06:28,851 - [INFO] - Fetched 0 pending transactions
2026-04-18 06:06:33,872 - [INFO] - Fetched 0 pending transactions
2026-04-18 06:06:38,888 - [INFO] - Fetched 0 pending transactions
2026-04-18 06:06:43,916 - [INFO] - Fetched 0 pending transactions
2026-04-18 06:06:48,922 - [INFO] - Fetched 0 pending transactions
2026-04-18 06:06:53,927 - [INFO] - Fetched 0 pending transactions
2026-04-18 06:06:58,935 - [INFO] - Fetched 0 pending transactions
2026-04-18 06:07:03,941 - [INFO] - Fetched 0 pending transactions
2026-04-18 06:07:08,947 - [INFO] - Fetched 0 pending transactions
2026-04-18 06:07:13,955 - [INFO] - Fetched 0 pending transactions
2026-04-18 06:07:18,976 - [INFO] - Fetched 0 pending transactions
2026-04-18 06:07:24,005 - [INFO] - Fetched 0 pending transactions
2026-04-18 06:07:29,030 - [INFO] - Fetched 0 pending transactions
2026-04-18 06:07:34,036 - [INFO] - Fetched 0 pending transactions
2026-04-18 06:07:39,041 - [INFO] - Fetched 0 pending transactions
2026-04-18 06:07:44,052 - [INFO] - Fetched 0 pending transactions
2026-04-18 06:07:49,067 - [INFO] - Fetched 0 pending transactions
2026-04-18 06:07:54,073 - [INFO] - Fetched 0 pending transactions
2026-04-18 06:07:59,094 - [INFO] - Fetched 0 pending transactions
2026-04-18 06:08:04,124 - [INFO] - Fetched 0 pending transactions
2026-04-18 06:08:09,129 - [INFO] - Fetched 0 pending transactions
2026-04-18 06:08:14,134 - [INFO] - Fetched 0 pending transactions
2026-04-18 06:08:19,158 - [INFO] - Fetched 0 pending transactions
2026-04-18 06:08:24,177 - [INFO] - Fetched 0 pending transactions
2026-04-18 06:08:29,203 - [INFO] - Fetched 0 pending transactions
2026-04-18 06:08:34,231 - [INFO] - Fetched 0 pending transactions
2026-04-18 06:08:39,257 - [INFO] - Fetched 0 pending transactions
2026-04-18 06:08:44,273 - [INFO] - Fetched 0 pending transactions
2026-04-18 06:08:49,289 - [INFO] - Fetched 0 pending transactions
2026-04-18 06:08:54,305 - [INFO] - Fetched 0 pending transactions
2026-04-18 06:08:59,310 - [INFO] - Fetched 0 pending transactions
2026-04-18 06:09:04,338 - [INFO] - Fetched 0 pending transactions
2026-04-18 06:09:09,380 - [INFO] - Fetched 0 pending transactions
2026-04-18 06:09:14,396 - [INFO] - Fetched 0 pending transactions
2026-04-18 06:09:19,411 - [INFO] - Fetched 0 pending transactions
2026-04-18 06:09:24,427 - [INFO] - Fetched 0 pending transactions
2026-04-18 06:09:29,442 - [INFO] - Fetched 0 pending transactions
2026-04-18 06:09:34,448 - [INFO] - Fetched 0 pending transactions
2026-04-18 06:09:39,463 - [INFO] - Fetched 0 pending transactions
2026-04-18 06:09:44,468 - [INFO] - Fetched 0 pending transactions
2026-04-18 06:09:49,476 - [INFO] - Fetched 0 pending transactions
2026-04-18 06:09:54,491 - [INFO] - Fetched 0 pending transactions
2026-04-18 06:09:59,496 - [INFO] - Fetched 0 pending transactions
2026-04-18 06:10:04,517 - [INFO] - Fetched 0 pending transactions
2026-04-18 06:10:09,540 - [INFO] - Fetched 0 pending transactions
2026-04-18 06:10:14,545 - [INFO] - Fetched 0 pending transactions
2026-04-18 06:10:19,553 - [INFO] - Fetched 0 pending transactions
2026-04-18 06:10:24,572 - [INFO] - Fetched 0 pending transactions
2026-04-18 06:10:29,601 - [INFO] - Fetched 0 pending transactions
2026-04-18 06:10:34,627 - [INFO] - Fetched 0 pending transactions
2026-04-18 06:10:39,653 - [INFO] - Fetched 0 pending transactions
2026-04-18 06:10:44,670 - [INFO] - Fetched 0 pending transactions
2026-04-18 06:10:49,694 - [INFO] - Fetched 0 pending transactions
2026-04-18 06:10:54,723 - [INFO] - Fetched 0 pending transactions
2026-04-18 06:10:58,208 - [INFO] - Mining stopped by user
2026-04-18 06:11:00,342 - [INFO] - Miner started
2026-04-18 06:11:00,343 - [INFO] - Miner blockchain initialized with 7 blocks
2026-04-18 06:11:01,748 - [INFO] - Miner wallet created: 0xb6831e6e669a8059a98b708647cba92760a07592ec96141beb6389e8e8ad76c4
2026-04-18 06:11:01,758 - [INFO] - Fetched 0 pending transactions
2026-04-18 06:11:06,779 - [INFO] - Fetched 0 pending transactions
2026-04-18 06:11:11,785 - [INFO] - Fetched 0 pending transactions
2026-04-18 06:11:16,808 - [INFO] - Fetched 0 pending transactions
2026-04-18 06:11:21,813 - [INFO] - Fetched 0 pending transactions
2026-04-18 06:11:26,830 - [INFO] - Fetched 0 pending transactions
2026-04-18 06:11:31,836 - [INFO] - Fetched 0 pending transactions
2026-04-18 06:11:36,855 - [INFO] - Fetched 0 pending transactions
2026-04-18 06:11:41,874 - [INFO] - Fetched 0 pending transactions
2026-04-18 06:11:46,887 - [INFO] - Fetched 0 pending transactions
2026-04-18 06:11:51,892 - [INFO] - Fetched 0 pending transactions
2026-04-18 06:11:56,898 - [INFO] - Fetched 0 pending transactions
2026-04-18 06:12:01,914 - [INFO] - Fetched 0 pending transactions
2026-04-18 06:12:06,920 - [INFO] - Fetched 0 pending transactions
2026-04-18 06:12:11,934 - [INFO] - Fetched 0 pending transactions
2026-04-18 06:12:16,960 - [INFO] - Fetched 0 pending transactions
2026-04-18 06:12:21,967 - [INFO] - Fetched 0 pending transactions
2026-04-18 06:12:26,982 - [INFO] - Fetched 0 pending transactions
2026-04-18 06:12:32,004 - [INFO] - Fetched 0 pending transactions
2026-04-18 06:12:37,036 - [INFO] - Fetched 0 pending transactions
2026-04-18 06:12:42,043 - [INFO] - Fetched 0 pending transactions
2026-04-18 06:12:47,072 - [INFO] - Fetched 0 pending transactions
2026-04-18 06:12:52,078 - [INFO] - Fetched 0 pending transactions
2026-04-18 06:12:57,101 - [INFO] - Fetched 0 pending transactions
2026-04-18 06:13:02,118 - [INFO] - Fetched 0 pending transactions
2026-04-18 06:13:07,124 - [INFO] - Fetched 1 pending transactions
2026-04-18 06:13:07,129 - [INFO] - Mining block with 2 transactions
2026-04-18 06:13:07,165 - [INFO] - Block mined successfully in 0.03s after 1,757 attempts
2026-04-18 06:13:07,174 - [INFO] - Block submitted successfully: {'message': 'Block accepted'}
2026-04-18 06:13:09,195 - [INFO] - Fetched 0 pending transactions
2026-04-18 06:13:14,202 - [INFO] - Fetched 0 pending transactions
2026-04-18 06:13:19,207 - [INFO] - Fetched 0 pending transactions
2026-04-18 06:13:24,226 - [INFO] - Fetched 1 pending transactions
2026-04-18 06:13:24,233 - [INFO] - Mining block with 2 transactions
2026-04-18 06:13:24,257 - [INFO] - Block mined successfully in 0.02s after 974 attempts
2026-04-18 06:13:24,279 - [INFO] - Block submitted successfully: {'message': 'Block accepted'}
2026-04-18 06:13:26,285 - [INFO] - Fetched 0 pending transactions
2026-04-18 06:13:31,302 - [INFO] - Fetched 0 pending transactions
2026-04-18 06:13:36,308 - [INFO] - Fetched 0 pending transactions
2026-04-18 06:13:41,338 - [INFO] - Fetched 0 pending transactions
2026-04-18 06:13:46,343 - [INFO] - Fetched 0 pending transactions
2026-04-18 06:13:51,372 - [INFO] - Fetched 0 pending transactions
2026-04-18 06:13:56,378 - [INFO] - Fetched 0 pending transactions
2026-04-18 06:14:01,383 - [INFO] - Fetched 0 pending transactions
2026-04-18 06:14:06,389 - [INFO] - Fetched 0 pending transactions
2026-04-18 06:14:11,407 - [INFO] - Fetched 0 pending transactions
2026-04-18 06:14:16,413 - [INFO] - Fetched 0 pending transactions
2026-04-18 06:14:21,417 - [INFO] - Fetched 0 pending transactions
2026-04-18 06:14:26,423 - [INFO] - Fetched 0 pending transactions
2026-04-18 06:14:31,429 - [INFO] - Fetched 0 pending transactions
2026-04-18 06:14:36,434 - [INFO] - Fetched 0 pending transactions
2026-04-18 06:14:41,461 - [INFO] - Fetched 0 pending transactions
2026-04-18 06:14:46,467 - [INFO] - Fetched 0 pending transactions
2026-04-18 06:14:51,472 - [INFO] - Fetched 0 pending transactions
2026-04-18 06:14:56,479 - [INFO] - Fetched 0 pending transactions
2026-04-18 06:15:01,497 - [INFO] - Fetched 0 pending transactions
2026-04-18 06:15:06,503 - [INFO] - Fetched 0 pending transactions
2026-04-18 06:15:11,508 - [INFO] - Fetched 0 pending transactions
2026-04-18 06:15:16,532 - [INFO] - Fetched 0 pending transactions
2026-04-18 06:15:21,537 - [INFO] - Fetched 0 pending transactions
2026-04-18 06:15:26,542 - [INFO] - Fetched 0 pending transactions
2026-04-18 06:15:31,550 - [INFO] - Fetched 0 pending transactions
2026-04-18 06:15:36,555 - [INFO] - Fetched 0 pending transactions
2026-04-18 06:15:41,562 - [INFO] - Fetched 0 pending transactions
2026-04-18 06:15:46,581 - [INFO] - Fetched 0 pending transactions
2026-04-18 06:15:51,587 - [INFO] - Fetched 0 pending transactions
2026-04-18 06:15:56,593 - [INFO] - Fetched 0 pending transactions
2026-04-18 06:16:01,598 - [INFO] - Fetched 0 pending transactions
2026-04-18 06:16:06,604 - [INFO] - Fetched 0 pending transactions
2026-04-18 06:16:11,610 - [INFO] - Fetched 0 pending transactions
2026-04-18 06:16:16,616 - [INFO] - Fetched 0 pending transactions
2026-04-18 06:16:21,622 - [INFO] - Fetched 0 pending transactions
2026-04-18 06:16:26,628 - [INFO] - Fetched 0 pending transactions
2026-04-18 06:16:31,633 - [INFO] - Fetched 0 pending transactions
2026-04-18 06:16:36,638 - [INFO] - Fetched 0 pending transactions
2026-04-18 06:16:41,645 - [INFO] - Fetched 0 pending transactions
2026-04-18 06:16:46,650 - [INFO] - Fetched 0 pending transactions
2026-04-18 06:16:51,657 - [INFO] - Fetched 0 pending transactions
2026-04-18 06:16:56,662 - [INFO] - Fetched 0 pending transactions
2026-04-18 06:17:01,667 - [INFO] - Fetched 0 pending transactions
2026-04-18 06:17:06,685 - [INFO] - Fetched 0 pending transactions
2026-04-18 06:17:11,698 - [INFO] - Fetched 0 pending transactions
2026-04-18 06:17:16,704 - [INFO] - Fetched 0 pending transactions
2026-04-18 06:17:21,720 - [INFO] - Fetched 0 pending transactions
2026-04-18 06:17:26,740 - [INFO] - Fetched 0 pending transactions
2026-04-18 06:17:31,746 - [INFO] - Fetched 0 pending transactions
2026-04-18 06:17:36,752 - [INFO] - Fetched 0 pending transactions
2026-04-18 06:17:41,768 - [INFO] - Fetched 0 pending transactions
2026-04-18 06:17:46,791 - [INFO] - Fetched 0 pending transactions
2026-04-18 06:17:51,819 - [INFO] - Fetched 0 pending transactions
2026-04-18 06:17:56,836 - [INFO] - Fetched 0 pending transactions
2026-04-18 06:18:01,852 - [INFO] - Fetched 0 pending transactions
2026-04-18 06:18:06,858 - [INFO] - Fetched 0 pending transactions
2026-04-18 06:18:11,880 - [INFO] - Fetched 0 pending transactions
2026-04-18 06:18:16,886 - [INFO] - Fetched 0 pending transactions
2026-04-18 06:18:21,891 - [INFO] - Fetched 0 pending transactions
2026-04-18 06:18:26,897 - [INFO] - Fetched 0 pending transactions
2026-04-18 06:18:31,903 - [INFO] - Fetched 0 pending transactions
2026-04-18 06:18:36,909 - [INFO] - Fetched 0 pending transactions
2026-04-18 06:18:41,915 - [INFO] - Fetched 0 pending transactions
2026-04-18 06:18:46,922 - [INFO] - Fetched 0 pending transactions
2026-04-18 06:18:51,928 - [INFO] - Fetched 0 pending transactions
2026-04-18 06:18:56,933 - [INFO] - Fetched 0 pending transactions
2026-04-18 06:19:01,939 - [INFO] - Fetched 0 pending transactions
2026-04-18 06:19:06,968 - [INFO] - Fetched 0 pending transactions
2026-04-18 06:19:11,995 - [INFO] - Fetched 0 pending transactions
2026-04-18 06:19:17,022 - [INFO] - Fetched 0 pending transactions
2026-04-18 06:19:22,041 - [INFO] - Fetched 0 pending transactions
2026-04-18 06:19:27,047 - [INFO] - Fetched 0 pending transactions
2026-04-18 06:19:32,068 - [INFO] - Fetched 0 pending transactions
2026-04-18 06:19:37,074 - [INFO] - Fetched 0 pending transactions
2026-04-18 06:19:42,087 - [INFO] - Fetched 1 pending transactions
2026-04-18 06:19:42,105 - [INFO] - Mining block with 2 transactions
2026-04-18 06:19:42,287 - [INFO] - Block mined successfully in 0.18s after 6,346 attempts
2026-04-18 06:19:42,297 - [INFO] - Block submitted successfully: {'message': 'Block accepted'}
2026-04-18 06:19:44,303 - [INFO] - Fetched 0 pending transactions
2026-04-18 06:19:49,309 - [INFO] - Fetched 0 pending transactions
2026-04-18 06:19:54,329 - [INFO] - Fetched 0 pending transactions
2026-04-18 06:19:59,344 - [INFO] - Fetched 0 pending transactions
2026-04-18 06:20:04,365 - [INFO] - Fetched 0 pending transactions
2026-04-18 06:20:09,370 - [INFO] - Fetched 0 pending transactions
2026-04-18 06:20:14,393 - [INFO] - Fetched 0 pending transactions
2026-04-18 06:20:19,399 - [INFO] - Fetched 0 pending transactions
2026-04-18 06:20:24,405 - [INFO] - Fetched 0 pending transactions
2026-04-18 06:20:29,431 - [INFO] - Fetched 0 pending transactions
2026-04-18 06:20:34,458 - [INFO] - Fetched 0 pending transactions
2026-04-18 06:20:39,489 - [INFO] - Fetched 0 pending transactions
2026-04-18 06:20:44,516 - [INFO] - Fetched 0 pending transactions
2026-04-18 06:20:49,531 - [INFO] - Fetched 0 pending transactions
2026-04-18 06:20:54,560 - [INFO] - Fetched 0 pending transactions
2026-04-18 06:20:59,585 - [INFO] - Fetched 0 pending transactions
2026-04-18 06:21:04,611 - [INFO] - Fetched 0 pending transactions
2026-04-18 06:21:09,616 - [INFO] - Fetched 0 pending transactions
2026-04-18 06:21:14,622 - [INFO] - Fetched 0 pending transactions
2026-04-18 06:21:19,646 - [INFO] - Fetched 0 pending transactions
2026-04-18 06:21:24,665 - [INFO] - Fetched 0 pending transactions
2026-04-18 06:21:29,684 - [INFO] - Fetched 0 pending transactions
2026-04-18 06:21:34,709 - [INFO] - Fetched 0 pending transactions
2026-04-18 06:21:39,730 - [INFO] - Fetched 0 pending transactions
2026-04-18 06:21:44,754 - [INFO] - Fetched 0 pending transactions
2026-04-18 06:21:49,772 - [INFO] - Fetched 0 pending transactions
2026-04-18 06:21:54,792 - [INFO] - Fetched 0 pending transactions
2026-04-18 06:21:59,817 - [INFO] - Fetched 0 pending transactions
2026-04-18 06:22:04,828 - [INFO] - Fetched 0 pending transactions
2026-04-18 06:22:09,853 - [INFO] - Fetched 0 pending transactions
2026-04-18 06:22:14,859 - [INFO] - Fetched 0 pending transactions
2026-04-18 06:22:19,865 - [INFO] - Fetched 0 pending transactions
2026-04-18 06:22:24,892 - [INFO] - Fetched 0 pending transactions
2026-04-18 06:22:29,897 - [INFO] - Fetched 0 pending transactions
2026-04-18 06:22:34,903 - [INFO] - Fetched 0 pending transactions
2026-04-18 06:22:39,909 - [INFO] - Fetched 0 pending transactions
2026-04-18 06:22:44,915 - [INFO] - Fetched 0 pending transactions
2026-04-18 06:22:49,937 - [INFO] - Fetched 0 pending transactions
2026-04-18 06:22:54,943 - [INFO] - Fetched 0 pending transactions
2026-04-18 06:22:59,961 - [INFO] - Fetched 0 pending transactions
2026-04-18 06:23:04,984 - [INFO] - Fetched 0 pending transactions
2026-04-18 06:23:09,990 - [INFO] - Fetched 0 pending transactions
2026-04-18 06:23:14,997 - [INFO] - Fetched 0 pending transactions
2026-04-18 06:23:20,017 - [INFO] - Fetched 0 pending transactions
2026-04-18 06:23:25,023 - [INFO] - Fetched 0 pending transactions
2026-04-18 06:23:30,045 - [INFO] - Fetched 0 pending transactions
2026-04-18 06:23:35,063 - [INFO] - Fetched 0 pending transactions
2026-04-18 06:23:40,080 - [INFO] - Fetched 0 pending transactions
2026-04-18 06:23:45,085 - [INFO] - Fetched 0 pending transactions
2026-04-18 06:23:50,100 - [INFO] - Fetched 0 pending transactions
2026-04-18 06:23:55,119 - [INFO] - Fetched 0 pending transactions
2026-04-18 06:24:00,138 - [INFO] - Fetched 0 pending transactions
2026-04-18 06:24:05,156 - [INFO] - Fetched 0 pending transactions
2026-04-18 06:24:10,172 - [INFO] - Fetched 0 pending transactions
2026-04-18 06:24:15,186 - [INFO] - Fetched 0 pending transactions
2026-04-18 06:24:20,207 - [INFO] - Fetched 0 pending transactions
2026-04-18 06:24:25,214 - [INFO] - Fetched 0 pending transactions
2026-04-18 06:24:30,231 - [INFO] - Fetched 0 pending transactions
2026-04-18 06:24:35,237 - [INFO] - Fetched 0 pending transactions
2026-04-18 06:24:40,242 - [INFO] - Fetched 0 pending transactions
2026-04-18 06:24:45,248 - [INFO] - Fetched 0 pending transactions
2026-04-18 06:24:50,265 - [INFO] - Fetched 0 pending transactions
2026-04-18 06:24:55,271 - [INFO] - Fetched 0 pending transactions
2026-04-18 06:25:00,295 - [INFO] - Fetched 0 pending transactions
2026-04-18 06:25:05,312 - [INFO] - Fetched 0 pending transactions
2026-04-18 06:25:10,318 - [INFO] - Fetched 0 pending transactions
2026-04-18 06:25:15,323 - [INFO] - Fetched 0 pending transactions
2026-04-18 06:25:20,329 - [INFO] - Fetched 0 pending transactions
2026-04-18 06:25:25,348 - [INFO] - Fetched 0 pending transactions
2026-04-18 06:25:30,353 - [INFO] - Fetched 0 pending transactions
2026-04-18 06:25:35,358 - [INFO] - Fetched 0 pending transactions
2026-04-18 06:25:40,364 - [INFO] - Fetched 0 pending transactions
2026-04-18 06:25:45,369 - [INFO] - Fetched 0 pending transactions
2026-04-18 06:25:50,385 - [INFO] - Fetched 0 pending transactions
2026-04-18 06:25:55,412 - [INFO] - Fetched 0 pending transactions
2026-04-18 06:26:00,418 - [INFO] - Fetched 0 pending transactions
2026-04-18 06:26:05,423 - [INFO] - Fetched 0 pending transactions
2026-04-18 06:26:10,428 - [INFO] - Fetched 0 pending transactions
2026-04-18 06:26:15,444 - [INFO] - Fetched 0 pending transactions
2026-04-18 06:26:20,472 - [INFO] - Fetched 0 pending transactions
2026-04-18 06:26:25,490 - [INFO] - Fetched 0 pending transactions
2026-04-18 06:26:30,520 - [INFO] - Fetched 0 pending transactions
2026-04-18 06:26:35,526 - [INFO] - Fetched 0 pending transactions
2026-04-18 06:26:40,534 - [INFO] - Fetched 0 pending transactions
2026-04-18 06:26:45,539 - [INFO] - Fetched 0 pending transactions
2026-04-18 06:26:50,545 - [INFO] - Fetched 0 pending transactions
2026-04-18 06:26:55,550 - [INFO] - Fetched 0 pending transactions
2026-04-18 06:27:00,569 - [INFO] - Fetched 0 pending transactions
2026-04-18 06:27:05,577 - [INFO] - Fetched 0 pending transactions
2026-04-18 06:27:10,584 - [INFO] - Fetched 0 pending transactions
2026-04-18 06:27:15,591 - [INFO] - Fetched 0 pending transactions
2026-04-18 06:27:20,596 - [INFO] - Fetched 0 pending transactions
2026-04-18 06:27:25,603 - [INFO] - Fetched 0 pending transactions
2026-04-18 06:27:30,627 - [INFO] - Fetched 0 pending transactions
2026-04-18 06:27:35,643 - [INFO] - Fetched 0 pending transactions
2026-04-18 06:27:40,664 - [INFO] - Fetched 0 pending transactions
2026-04-18 06:27:45,684 - [INFO] - Fetched 0 pending transactions
2026-04-18 06:27:50,706 - [INFO] - Fetched 0 pending transactions
2026-04-18 06:27:55,735 - [INFO] - Fetched 0 pending transactions
2026-04-18 06:28:00,741 - [INFO] - Fetched 0 pending transactions
2026-04-18 06:28:05,761 - [INFO] - Fetched 0 pending transactions
2026-04-18 06:28:10,767 - [INFO] - Fetched 0 pending transactions
2026-04-18 06:28:15,772 - [INFO] - Fetched 0 pending transactions
2026-04-18 06:28:20,778 - [INFO] - Fetched 0 pending transactions
2026-04-18 06:28:25,784 - [INFO] - Fetched 0 pending transactions
2026-04-18 06:28:30,790 - [INFO] - Fetched 0 pending transactions
2026-04-18 06:28:35,796 - [INFO] - Fetched 0 pending transactions
2026-04-18 06:28:40,812 - [INFO] - Fetched 0 pending transactions
2026-04-18 06:28:45,818 - [INFO] - Fetched 0 pending transactions
2026-04-18 06:28:50,825 - [INFO] - Fetched 0 pending transactions
2026-04-18 06:28:55,830 - [INFO] - Fetched 0 pending transactions
2026-04-18 06:29:00,836 - [INFO] - Fetched 0 pending transactions
2026-04-18 06:29:05,850 - [INFO] - Fetched 0 pending transactions
2026-04-18 06:29:10,868 - [INFO] - Fetched 0 pending transactions
2026-04-18 06:29:15,886 - [INFO] - Fetched 0 pending transactions
2026-04-18 06:29:20,892 - [INFO] - Fetched 0 pending transactions
2026-04-18 06:29:25,906 - [INFO] - Fetched 0 pending transactions
2026-04-18 06:29:30,913 - [INFO] - Fetched 0 pending transactions
2026-04-18 06:29:35,918 - [INFO] - Fetched 0 pending transactions
2026-04-18 06:29:40,934 - [INFO] - Fetched 0 pending transactions
2026-04-18 06:29:45,955 - [INFO] - Fetched 0 pending transactions
2026-04-18 06:29:50,961 - [INFO] - Fetched 0 pending transactions
2026-04-18 06:29:55,967 - [INFO] - Fetched 0 pending transactions
2026-04-18 06:30:00,972 - [INFO] - Fetched 0 pending transactions
2026-04-18 06:30:05,989 - [INFO] - Fetched 0 pending transactions
2026-04-18 06:30:10,994 - [INFO] - Fetched 0 pending transactions
2026-04-18 06:30:16,011 - [INFO] - Fetched 0 pending transactions
2026-04-18 06:30:21,034 - [INFO] - Fetched 0 pending transactions
2026-04-18 06:30:26,059 - [INFO] - Fetched 0 pending transactions
2026-04-18 06:30:31,077 - [INFO] - Fetched 0 pending transactions
2026-04-18 06:30:36,119 - [INFO] - Fetched 0 pending transactions
2026-04-18 06:30:41,147 - [INFO] - Fetched 0 pending transactions
2026-04-18 06:30:46,152 - [INFO] - Fetched 0 pending transactions
2026-04-18 06:30:51,179 - [INFO] - Fetched 0 pending transactions
2026-04-18 06:30:56,184 - [INFO] - Fetched 0 pending transactions
2026-04-18 06:31:01,190 - [INFO] - Fetched 0 pending transactions
2026-04-18 06:31:06,196 - [INFO] - Fetched 0 pending transactions
2026-04-18 06:31:11,202 - [INFO] - Fetched 0 pending transactions
2026-04-18 06:31:16,208 - [INFO] - Fetched 0 pending transactions
2026-04-18 06:31:21,213 - [INFO] - Fetched 0 pending transactions
2026-04-18 06:31:26,220 - [INFO] - Fetched 0 pending transactions
2026-04-18 06:31:31,231 - [INFO] - Fetched 0 pending transactions
2026-04-18 06:31:36,251 - [INFO] - Fetched 0 pending transactions
2026-04-18 06:31:41,258 - [INFO] - Fetched 0 pending transactions
2026-04-18 06:31:46,274 - [INFO] - Fetched 0 pending transactions
2026-04-18 06:31:51,279 - [INFO] - Fetched 0 pending transactions
2026-04-18 06:31:56,286 - [INFO] - Fetched 0 pending transactions
2026-04-18 06:32:01,293 - [INFO] - Fetched 0 pending transactions
2026-04-18 06:32:06,308 - [INFO] - Fetched 0 pending transactions
2026-04-18 06:32:11,313 - [INFO] - Fetched 0 pending transactions
2026-04-18 06:32:16,333 - [INFO] - Fetched 0 pending transactions
2026-04-18 06:32:21,363 - [INFO] - Fetched 0 pending transactions
2026-04-18 06:32:26,368 - [INFO] - Fetched 0 pending transactions
2026-04-18 06:32:31,397 - [INFO] - Fetched 0 pending transactions
2026-04-18 06:32:36,414 - [INFO] - Fetched 0 pending transactions
2026-04-18 06:32:41,419 - [INFO] - Fetched 0 pending transactions
2026-04-18 06:32:46,436 - [INFO] - Fetched 0 pending transactions
2026-04-18 06:32:51,456 - [INFO] - Fetched 0 pending transactions
2026-04-18 06:32:56,461 - [INFO] - Fetched 0 pending transactions
2026-04-18 06:33:01,481 - [INFO] - Fetched 0 pending transactions
2026-04-18 06:33:06,496 - [INFO] - Fetched 0 pending transactions
2026-04-18 06:33:11,519 - [INFO] - Fetched 0 pending transactions
2026-04-18 06:33:16,533 - [INFO] - Fetched 0 pending transactions
2026-04-18 06:33:21,560 - [INFO] - Fetched 0 pending transactions
2026-04-18 06:33:26,566 - [INFO] - Fetched 0 pending transactions
2026-04-18 06:33:31,586 - [INFO] - Fetched 0 pending transactions
2026-04-18 06:33:36,591 - [INFO] - Fetched 0 pending transactions
2026-04-18 06:33:41,614 - [INFO] - Fetched 0 pending transactions
2026-04-18 06:33:46,629 - [INFO] - Fetched 0 pending transactions
2026-04-18 06:33:51,643 - [INFO] - Fetched 0 pending transactions
2026-04-18 06:33:56,649 - [INFO] - Fetched 0 pending transactions
2026-04-18 06:34:01,675 - [INFO] - Fetched 0 pending transactions
2026-04-18 06:34:06,681 - [INFO] - Fetched 0 pending transactions
2026-04-18 06:34:11,687 - [INFO] - Fetched 0 pending transactions
2026-04-18 06:34:16,704 - [INFO] - Fetched 0 pending transactions
2026-04-18 06:34:21,722 - [INFO] - Fetched 0 pending transactions
2026-04-18 06:34:26,741 - [INFO] - Fetched 0 pending transactions
2026-04-18 06:34:31,747 - [INFO] - Fetched 0 pending transactions
2026-04-18 06:34:36,775 - [INFO] - Fetched 0 pending transactions
2026-04-18 06:34:41,793 - [INFO] - Fetched 0 pending transactions
2026-04-18 06:34:46,804 - [INFO] - Fetched 0 pending transactions
2026-04-18 06:34:51,826 - [INFO] - Fetched 0 pending transactions
2026-04-18 06:34:56,852 - [INFO] - Fetched 0 pending transactions
2026-04-18 06:35:01,881 - [INFO] - Fetched 0 pending transactions
2026-04-18 06:35:06,905 - [INFO] - Fetched 0 pending transactions
2026-04-18 06:35:11,912 - [INFO] - Fetched 0 pending transactions
2026-04-18 06:35:16,923 - [INFO] - Fetched 0 pending transactions
2026-04-18 06:35:21,929 - [INFO] - Fetched 0 pending transactions
2026-04-18 06:35:26,937 - [INFO] - Fetched 0 pending transactions
2026-04-18 06:35:31,944 - [INFO] - Fetched 0 pending transactions
2026-04-18 06:35:36,952 - [INFO] - Fetched 0 pending transactions
2026-04-18 06:35:41,960 - [INFO] - Fetched 0 pending transactions
2026-04-18 06:35:46,966 - [INFO] - Fetched 0 pending transactions
2026-04-18 06:35:51,972 - [INFO] - Fetched 0 pending transactions
2026-04-18 06:35:56,979 - [INFO] - Fetched 0 pending transactions
2026-04-18 06:36:01,997 - [INFO] - Fetched 0 pending transactions
2026-04-18 06:36:07,017 - [INFO] - Fetched 0 pending transactions
2026-04-18 06:36:12,034 - [INFO] - Fetched 0 pending transactions
2026-04-18 06:36:17,058 - [INFO] - Fetched 0 pending transactions
2026-04-18 06:36:22,063 - [INFO] - Fetched 0 pending transactions
2026-04-18 06:36:27,070 - [INFO] - Fetched 0 pending transactions
2026-04-18 06:36:32,075 - [INFO] - Fetched 0 pending transactions
2026-04-18 06:36:37,082 - [INFO] - Fetched 0 pending transactions
2026-04-18 06:36:42,110 - [INFO] - Fetched 0 pending transactions
2026-04-18 06:36:47,129 - [INFO] - Fetched 0 pending transactions
2026-04-18 06:36:52,144 - [INFO] - Fetched 0 pending transactions
2026-04-18 06:36:57,172 - [INFO] - Fetched 0 pending transactions
2026-04-18 06:37:02,179 - [INFO] - Fetched 0 pending transactions
2026-04-18 06:37:07,185 - [INFO] - Fetched 0 pending transactions
2026-04-18 06:37:12,191 - [INFO] - Fetched 0 pending transactions
2026-04-18 06:37:17,197 - [INFO] - Fetched 0 pending transactions
2026-04-18 06:37:22,217 - [INFO] - Fetched 0 pending transactions
2026-04-18 06:37:27,238 - [INFO] - Fetched 0 pending transactions
2026-04-18 06:37:32,244 - [INFO] - Fetched 0 pending transactions
2026-04-18 06:37:37,271 - [INFO] - Fetched 0 pending transactions
2026-04-18 06:37:42,299 - [INFO] - Fetched 0 pending transactions
2026-04-18 06:37:47,326 - [INFO] - Fetched 0 pending transactions
2026-04-18 06:37:52,356 - [INFO] - Fetched 0 pending transactions
2026-04-18 06:37:57,381 - [INFO] - Fetched 0 pending transactions
2026-04-18 06:38:02,405 - [INFO] - Fetched 0 pending transactions
2026-04-18 06:38:07,426 - [INFO] - Fetched 0 pending transactions
2026-04-18 06:38:12,444 - [INFO] - Fetched 0 pending transactions
2026-04-18 06:38:17,460 - [INFO] - Fetched 0 pending transactions
2026-04-18 06:38:22,485 - [INFO] - Fetched 0 pending transactions
2026-04-18 06:38:27,513 - [INFO] - Fetched 0 pending transactions
2026-04-18 06:38:32,519 - [INFO] - Fetched 0 pending transactions
2026-04-18 06:38:37,525 - [INFO] - Fetched 0 pending transactions
2026-04-18 06:38:42,531 - [INFO] - Fetched 0 pending transactions
2026-04-18 06:38:47,550 - [INFO] - Fetched 0 pending transactions
2026-04-18 06:38:52,574 - [INFO] - Fetched 0 pending transactions
2026-04-18 06:38:57,580 - [INFO] - Fetched 0 pending transactions
2026-04-18 06:39:02,586 - [INFO] - Fetched 0 pending transactions
2026-04-18 06:39:07,592 - [INFO] - Fetched 0 pending transactions
2026-04-18 06:39:12,598 - [INFO] - Fetched 0 pending transactions
2026-04-18 06:39:17,603 - [INFO] - Fetched 0 pending transactions
2026-04-18 06:39:22,621 - [INFO] - Fetched 0 pending transactions
2026-04-18 06:39:27,644 - [INFO] - Fetched 0 pending transactions
2026-04-18 06:39:32,662 - [INFO] - Fetched 0 pending transactions
2026-04-18 06:39:37,667 - [INFO] - Fetched 0 pending transactions
2026-04-18 06:39:42,680 - [INFO] - Fetched 0 pending transactions
2026-04-18 06:39:47,686 - [INFO] - Fetched 0 pending transactions
2026-04-18 06:39:52,693 - [INFO] - Fetched 0 pending transactions
2026-04-18 06:39:57,698 - [INFO] - Fetched 0 pending transactions
2026-04-18 06:40:02,716 - [INFO] - Fetched 0 pending transactions
2026-04-18 06:40:07,722 - [INFO] - Fetched 0 pending transactions
2026-04-18 06:40:12,739 - [INFO] - Fetched 0 pending transactions
2026-04-18 06:40:17,746 - [INFO] - Fetched 0 pending transactions
2026-04-18 06:40:22,769 - [INFO] - Fetched 0 pending transactions
2026-04-18 06:40:27,774 - [INFO] - Fetched 0 pending transactions
2026-04-18 06:40:32,779 - [INFO] - Fetched 0 pending transactions
2026-04-18 06:40:37,806 - [INFO] - Fetched 0 pending transactions
2026-04-18 06:40:42,811 - [INFO] - Fetched 0 pending transactions
2026-04-18 06:40:47,816 - [INFO] - Fetched 0 pending transactions
2026-04-18 06:40:52,834 - [INFO] - Fetched 0 pending transactions
2026-04-18 06:40:57,852 - [INFO] - Fetched 0 pending transactions
2026-04-18 06:41:02,857 - [INFO] - Fetched 0 pending transactions
2026-04-18 06:41:07,870 - [INFO] - Fetched 0 pending transactions
2026-04-18 06:41:12,876 - [INFO] - Fetched 0 pending transactions
2026-04-18 06:41:17,882 - [INFO] - Fetched 0 pending transactions
2026-04-18 06:41:22,889 - [INFO] - Fetched 0 pending transactions
2026-04-18 06:41:27,895 - [INFO] - Fetched 0 pending transactions
2026-04-18 06:41:32,901 - [INFO] - Fetched 0 pending transactions
2026-04-18 06:41:37,907 - [INFO] - Fetched 0 pending transactions
2026-04-18 06:41:42,929 - [INFO] - Fetched 0 pending transactions
2026-04-18 06:41:47,935 - [INFO] - Fetched 0 pending transactions
2026-04-18 06:41:52,940 - [INFO] - Fetched 0 pending transactions
2026-04-18 06:41:57,955 - [INFO] - Fetched 0 pending transactions
2026-04-18 06:42:02,961 - [INFO] - Fetched 0 pending transactions
2026-04-18 06:42:07,967 - [INFO] - Fetched 0 pending transactions
2026-04-18 06:42:12,973 - [INFO] - Fetched 0 pending transactions
2026-04-18 06:42:17,994 - [INFO] - Fetched 0 pending transactions
2026-04-18 06:42:23,015 - [INFO] - Fetched 0 pending transactions
2026-04-18 06:42:28,021 - [INFO] - Fetched 0 pending transactions
2026-04-18 06:42:33,037 - [INFO] - Fetched 0 pending transactions
2026-04-18 06:42:38,052 - [INFO] - Fetched 0 pending transactions
2026-04-18 06:42:43,058 - [INFO] - Fetched 0 pending transactions
2026-04-18 06:42:48,063 - [INFO] - Fetched 0 pending transactions
2026-04-18 06:42:53,069 - [INFO] - Fetched 0 pending transactions
2026-04-18 06:42:58,074 - [INFO] - Fetched 0 pending transactions
2026-04-18 06:43:03,080 - [INFO] - Fetched 0 pending transactions
2026-04-18 06:43:08,100 - [INFO] - Fetched 0 pending transactions
2026-04-18 06:43:13,106 - [INFO] - Fetched 0 pending transactions
2026-04-18 06:43:18,111 - [INFO] - Fetched 0 pending transactions
2026-04-18 06:43:23,117 - [INFO] - Fetched 0 pending transactions
2026-04-18 06:43:28,134 - [INFO] - Fetched 0 pending transactions
2026-04-18 06:43:33,140 - [INFO] - Fetched 0 pending transactions
2026-04-18 06:43:38,146 - [INFO] - Fetched 0 pending transactions
2026-04-18 06:43:43,151 - [INFO] - Fetched 0 pending transactions
2026-04-18 06:43:48,158 - [INFO] - Fetched 0 pending transactions
2026-04-18 06:43:53,177 - [INFO] - Fetched 0 pending transactions
2026-04-18 06:43:58,184 - [INFO] - Fetched 0 pending transactions
2026-04-18 06:44:03,203 - [INFO] - Fetched 0 pending transactions
2026-04-18 06:44:08,209 - [INFO] - Fetched 0 pending transactions
2026-04-18 06:44:13,224 - [INFO] - Fetched 0 pending transactions
2026-04-18 06:44:18,229 - [INFO] - Fetched 0 pending transactions
2026-04-18 06:44:23,234 - [INFO] - Fetched 0 pending transactions
2026-04-18 06:44:28,276 - [INFO] - Fetched 0 pending transactions
2026-04-18 06:44:33,281 - [INFO] - Fetched 0 pending transactions
2026-04-18 06:44:38,295 - [INFO] - Fetched 0 pending transactions
2026-04-18 06:44:43,300 - [INFO] - Fetched 0 pending transactions
2026-04-18 06:44:48,319 - [INFO] - Fetched 0 pending transactions
2026-04-18 06:44:53,341 - [INFO] - Fetched 0 pending transactions
2026-04-18 06:44:58,359 - [INFO] - Fetched 0 pending transactions
2026-04-18 06:45:03,366 - [INFO] - Fetched 0 pending transactions
2026-04-18 06:45:08,372 - [INFO] - Fetched 0 pending transactions
2026-04-18 06:45:13,378 - [INFO] - Fetched 0 pending transactions
2026-04-18 06:45:18,398 - [INFO] - Fetched 0 pending transactions
2026-04-18 06:45:23,419 - [INFO] - Fetched 0 pending transactions
2026-04-18 06:45:28,435 - [INFO] - Fetched 0 pending transactions
2026-04-18 06:45:33,451 - [INFO] - Fetched 0 pending transactions
2026-04-18 06:45:38,457 - [INFO] - Fetched 0 pending transactions
2026-04-18 06:45:43,482 - [INFO] - Fetched 0 pending transactions
2026-04-18 06:45:48,488 - [INFO] - Fetched 0 pending transactions
2026-04-18 06:45:53,517 - [INFO] - Fetched 0 pending transactions
2026-04-18 06:45:58,522 - [INFO] - Fetched 0 pending transactions
2026-04-18 06:46:03,528 - [INFO] - Fetched 0 pending transactions
2026-04-18 06:46:08,533 - [INFO] - Fetched 0 pending transactions
2026-04-18 06:46:13,541 - [INFO] - Fetched 0 pending transactions
2026-04-18 06:46:18,562 - [INFO] - Fetched 0 pending transactions
2026-04-18 06:46:23,589 - [INFO] - Fetched 0 pending transactions
2026-04-18 06:46:28,606 - [INFO] - Fetched 0 pending transactions
2026-04-18 06:46:33,612 - [INFO] - Fetched 0 pending transactions
2026-04-18 06:46:38,618 - [INFO] - Fetched 0 pending transactions
2026-04-18 06:46:43,638 - [INFO] - Fetched 0 pending transactions
2026-04-18 06:46:48,644 - [INFO] - Fetched 0 pending transactions
2026-04-18 06:46:53,649 - [INFO] - Fetched 0 pending transactions
2026-04-18 06:46:58,677 - [INFO] - Fetched 0 pending transactions
2026-04-18 06:47:03,683 - [INFO] - Fetched 0 pending transactions
2026-04-18 06:47:08,689 - [INFO] - Fetched 0 pending transactions
2026-04-18 06:47:13,717 - [INFO] - Fetched 0 pending transactions
2026-04-18 06:47:18,733 - [INFO] - Fetched 0 pending transactions
2026-04-18 06:47:23,756 - [INFO] - Fetched 0 pending transactions
2026-04-18 06:47:28,772 - [INFO] - Fetched 0 pending transactions
2026-04-18 06:47:33,778 - [INFO] - Fetched 0 pending transactions
2026-04-18 06:47:38,805 - [INFO] - Fetched 0 pending transactions
2026-04-18 06:47:43,811 - [INFO] - Fetched 0 pending transactions
2026-04-18 06:47:48,841 - [INFO] - Fetched 0 pending transactions
2026-04-18 06:47:53,864 - [INFO] - Fetched 0 pending transactions
2026-04-18 06:47:58,884 - [INFO] - Fetched 0 pending transactions
2026-04-18 06:48:03,907 - [INFO] - Fetched 0 pending transactions
2026-04-18 06:48:08,912 - [INFO] - Fetched 0 pending transactions
2026-04-18 06:48:13,930 - [INFO] - Fetched 0 pending transactions
2026-04-18 06:48:18,954 - [INFO] - Fetched 0 pending transactions
2026-04-18 06:48:23,960 - [INFO] - Fetched 0 pending transactions
2026-04-18 06:48:28,975 - [INFO] - Fetched 0 pending transactions
2026-04-18 06:48:33,988 - [INFO] - Fetched 0 pending transactions
2026-04-18 06:48:38,992 - [INFO] - Fetched 0 pending transactions
2026-04-18 06:48:44,022 - [INFO] - Fetched 0 pending transactions
2026-04-18 06:48:49,028 - [INFO] - Fetched 0 pending transactions
2026-04-18 06:48:54,043 - [INFO] - Fetched 0 pending transactions
2026-04-18 06:48:59,049 - [INFO] - Fetched 0 pending transactions
2026-04-18 06:49:04,054 - [INFO] - Fetched 0 pending transactions
2026-04-18 06:49:09,063 - [INFO] - Fetched 0 pending transactions
2026-04-18 06:49:14,087 - [INFO] - Fetched 0 pending transactions
2026-04-18 06:49:19,093 - [INFO] - Fetched 0 pending transactions
2026-04-18 06:49:24,119 - [INFO] - Fetched 0 pending transactions
2026-04-18 06:49:29,150 - [INFO] - Fetched 0 pending transactions
2026-04-18 06:49:34,166 - [INFO] - Fetched 0 pending transactions
2026-04-18 06:49:39,172 - [INFO] - Fetched 0 pending transactions
2026-04-18 06:49:44,178 - [INFO] - Fetched 0 pending transactions
2026-04-18 06:49:49,207 - [INFO] - Fetched 0 pending transactions
2026-04-18 06:49:54,212 - [INFO] - Fetched 0 pending transactions
2026-04-18 06:49:59,241 - [INFO] - Fetched 0 pending transactions
2026-04-18 06:50:04,250 - [INFO] - Fetched 0 pending transactions
2026-04-18 06:50:09,256 - [INFO] - Fetched 0 pending transactions
2026-04-18 06:50:14,262 - [INFO] - Fetched 0 pending transactions
2026-04-18 06:50:19,268 - [INFO] - Fetched 0 pending transactions
2026-04-18 06:50:24,276 - [INFO] - Fetched 0 pending transactions
2026-04-18 06:50:29,300 - [INFO] - Fetched 0 pending transactions
2026-04-18 06:50:34,324 - [INFO] - Fetched 0 pending transactions
2026-04-18 06:50:39,330 - [INFO] - Fetched 0 pending transactions
2026-04-18 06:50:44,349 - [INFO] - Fetched 0 pending transactions
2026-04-18 06:50:49,354 - [INFO] - Fetched 0 pending transactions
2026-04-18 06:50:54,370 - [INFO] - Fetched 0 pending transactions
2026-04-18 06:50:59,376 - [INFO] - Fetched 0 pending transactions
2026-04-18 06:51:04,385 - [INFO] - Fetched 0 pending transactions
2026-04-18 06:51:09,402 - [INFO] - Fetched 0 pending transactions
2026-04-18 06:51:14,408 - [INFO] - Fetched 0 pending transactions
2026-04-18 06:51:19,414 - [INFO] - Fetched 0 pending transactions
2026-04-18 06:51:24,419 - [INFO] - Fetched 0 pending transactions
2026-04-18 06:51:29,424 - [INFO] - Fetched 0 pending transactions
2026-04-18 06:51:34,444 - [INFO] - Fetched 1 pending transactions
2026-04-18 06:51:34,450 - [INFO] - Mining block with 2 transactions
2026-04-18 06:51:34,571 - [INFO] - Block mined successfully in 0.12s after 6,453 attempts
2026-04-18 06:51:34,579 - [INFO] - Block submitted successfully: {'message': 'Block accepted'}
2026-04-18 06:51:36,585 - [INFO] - Fetched 0 pending transactions
2026-04-18 06:51:41,593 - [INFO] - Fetched 0 pending transactions
2026-04-18 06:51:46,623 - [INFO] - Fetched 0 pending transactions
2026-04-18 06:51:51,629 - [INFO] - Fetched 0 pending transactions
2026-04-18 06:51:56,649 - [INFO] - Fetched 0 pending transactions
2026-04-18 06:52:01,655 - [INFO] - Fetched 0 pending transactions
2026-04-18 06:52:06,661 - [INFO] - Fetched 0 pending transactions
2026-04-18 06:52:11,668 - [INFO] - Fetched 0 pending transactions
2026-04-18 06:52:16,674 - [INFO] - Fetched 0 pending transactions
2026-04-18 06:52:21,679 - [INFO] - Fetched 0 pending transactions
2026-04-18 06:52:26,709 - [INFO] - Fetched 0 pending transactions
2026-04-18 06:52:31,715 - [INFO] - Fetched 0 pending transactions
2026-04-18 06:52:36,720 - [INFO] - Fetched 0 pending transactions
2026-04-18 06:52:41,728 - [INFO] - Fetched 0 pending transactions
2026-04-18 06:52:46,735 - [INFO] - Fetched 0 pending transactions
2026-04-18 06:52:51,763 - [INFO] - Fetched 0 pending transactions
2026-04-18 06:52:56,781 - [INFO] - Fetched 0 pending transactions
2026-04-18 06:53:01,788 - [INFO] - Fetched 0 pending transactions
2026-04-18 06:53:06,806 - [INFO] - Fetched 0 pending transactions
2026-04-18 06:53:11,813 - [INFO] - Fetched 0 pending transactions
2026-04-18 06:53:16,819 - [INFO] - Fetched 0 pending transactions
2026-04-18 06:53:21,824 - [INFO] - Fetched 0 pending transactions
2026-04-18 06:53:26,849 - [INFO] - Fetched 0 pending transactions
2026-04-18 06:53:31,876 - [INFO] - Fetched 0 pending transactions
2026-04-18 06:53:36,882 - [INFO] - Fetched 0 pending transactions
2026-04-18 06:53:41,908 - [INFO] - Fetched 0 pending transactions
2026-04-18 06:53:46,927 - [INFO] - Fetched 0 pending transactions
2026-04-18 06:53:51,951 - [INFO] - Fetched 0 pending transactions
2026-04-18 06:53:56,960 - [INFO] - Fetched 0 pending transactions
2026-04-18 06:54:01,966 - [INFO] - Fetched 0 pending transactions
2026-04-18 06:54:06,982 - [INFO] - Fetched 0 pending transactions
2026-04-18 06:54:11,990 - [INFO] - Fetched 0 pending transactions
2026-04-18 06:54:16,995 - [INFO] - Fetched 1 pending transactions
2026-04-18 06:54:17,001 - [INFO] - Mining block with 2 transactions
2026-04-18 06:54:17,042 - [INFO] - Block mined successfully in 0.04s after 1,792 attempts
2026-04-18 06:54:17,051 - [INFO] - Block submitted successfully: {'message': 'Block accepted'}
2026-04-18 06:54:19,057 - [INFO] - Fetched 0 pending transactions
2026-04-18 06:54:24,063 - [INFO] - Fetched 0 pending transactions
2026-04-18 06:54:29,069 - [INFO] - Fetched 0 pending transactions
2026-04-18 06:54:34,075 - [INFO] - Fetched 0 pending transactions
2026-04-18 06:54:39,093 - [INFO] - Fetched 0 pending transactions
2026-04-18 06:54:44,098 - [INFO] - Fetched 0 pending transactions
2026-04-18 06:54:49,106 - [INFO] - Fetched 0 pending transactions
2026-04-18 06:54:54,127 - [INFO] - Fetched 0 pending transactions
2026-04-18 06:54:59,133 - [INFO] - Fetched 0 pending transactions
2026-04-18 06:55:04,139 - [INFO] - Fetched 0 pending transactions
2026-04-18 06:55:09,145 - [INFO] - Fetched 0 pending transactions
2026-04-18 06:55:14,164 - [INFO] - Fetched 0 pending transactions
2026-04-18 06:55:19,193 - [INFO] - Fetched 0 pending transactions
2026-04-18 06:55:24,222 - [INFO] - Fetched 0 pending transactions
2026-04-18 06:55:29,236 - [INFO] - Fetched 0 pending transactions
2026-04-18 06:55:34,244 - [INFO] - Fetched 0 pending transactions
2026-04-18 06:55:41,292 - [ERROR] - [ERROR] Network error: Cannot connect to node
2026-04-18 06:55:46,315 - [INFO] - Fetched 0 pending transactions
2026-04-18 06:55:51,321 - [INFO] - Fetched 0 pending transactions
2026-04-18 06:55:56,327 - [INFO] - Fetched 0 pending transactions
2026-04-18 06:56:01,332 - [INFO] - Fetched 0 pending transactions
2026-04-18 06:56:06,346 - [INFO] - Fetched 0 pending transactions
2026-04-18 06:56:11,352 - [INFO] - Fetched 0 pending transactions
2026-04-18 06:56:16,358 - [INFO] - Fetched 0 pending transactions
2026-04-18 06:56:21,365 - [INFO] - Fetched 1 pending transactions
2026-04-18 06:56:21,372 - [INFO] - Mining block with 2 transactions
2026-04-18 06:56:21,507 - [INFO] - Block mined successfully in 0.13s after 6,962 attempts
2026-04-18 06:56:21,528 - [INFO] - Block submitted successfully: {'message': 'Block accepted'}
2026-04-18 06:56:23,557 - [INFO] - Fetched 0 pending transactions
2026-04-18 06:56:28,574 - [INFO] - Fetched 0 pending transactions
2026-04-18 06:56:33,592 - [INFO] - Fetched 0 pending transactions
2026-04-18 06:56:38,612 - [INFO] - Fetched 0 pending transactions
2026-04-18 06:56:43,618 - [INFO] - Fetched 0 pending transactions
2026-04-18 06:56:48,637 - [INFO] - Fetched 0 pending transactions
2026-04-18 06:56:53,666 - [INFO] - Fetched 0 pending transactions
2026-04-18 06:56:58,683 - [INFO] - Fetched 0 pending transactions
2026-04-18 06:57:03,709 - [INFO] - Fetched 0 pending transactions
2026-04-18 06:57:08,715 - [INFO] - Fetched 0 pending transactions
2026-04-18 06:57:13,721 - [INFO] - Fetched 0 pending transactions
2026-04-18 06:57:18,726 - [INFO] - Fetched 0 pending transactions
2026-04-18 06:57:23,732 - [INFO] - Fetched 0 pending transactions
2026-04-18 06:57:28,738 - [INFO] - Fetched 0 pending transactions
2026-04-18 06:57:33,744 - [INFO] - Fetched 0 pending transactions
2026-04-18 06:57:38,751 - [INFO] - Fetched 0 pending transactions
2026-04-18 06:57:43,776 - [INFO] - Fetched 0 pending transactions
2026-04-18 06:57:48,782 - [INFO] - Fetched 0 pending transactions
2026-04-18 06:57:53,810 - [INFO] - Fetched 1 pending transactions
2026-04-18 06:57:53,827 - [INFO] - Mining block with 2 transactions
2026-04-18 06:57:53,934 - [INFO] - Block mined successfully in 0.11s after 4,813 attempts
2026-04-18 06:57:53,945 - [INFO] - Block submitted successfully: {'message': 'Block accepted'}
2026-04-18 06:57:55,950 - [INFO] - Fetched 0 pending transactions
2026-04-18 06:58:00,957 - [INFO] - Fetched 0 pending transactions
2026-04-18 06:58:05,964 - [INFO] - Fetched 0 pending transactions
2026-04-18 06:58:10,986 - [INFO] - Fetched 0 pending transactions
2026-04-18 06:58:15,992 - [INFO] - Fetched 0 pending transactions
2026-04-18 06:58:21,013 - [INFO] - Fetched 1 pending transactions
2026-04-18 06:58:21,020 - [INFO] - Mining block with 2 transactions
2026-04-18 06:58:21,063 - [INFO] - Block mined successfully in 0.04s after 1,780 attempts
2026-04-18 06:58:21,072 - [INFO] - Block submitted successfully: {'message': 'Block accepted'}
2026-04-18 06:58:23,078 - [INFO] - Fetched 0 pending transactions
2026-04-18 06:58:28,083 - [INFO] - Fetched 0 pending transactions
2026-04-18 06:58:33,106 - [INFO] - Fetched 0 pending transactions
2026-04-18 06:58:38,111 - [INFO] - Fetched 0 pending transactions
2026-04-18 06:58:43,136 - [INFO] - Fetched 0 pending transactions
2026-04-18 06:58:48,153 - [INFO] - Fetched 0 pending transactions
2026-04-18 06:58:53,160 - [INFO] - Fetched 0 pending transactions
2026-04-18 06:58:58,180 - [INFO] - Fetched 0 pending transactions
2026-04-18 06:59:03,197 - [INFO] - Fetched 0 pending transactions
2026-04-18 06:59:08,221 - [INFO] - Fetched 0 pending transactions
2026-04-18 06:59:13,242 - [INFO] - Fetched 0 pending transactions
2026-04-18 06:59:18,274 - [INFO] - Fetched 0 pending transactions
2026-04-18 06:59:23,292 - [INFO] - Fetched 0 pending transactions
2026-04-18 06:59:28,323 - [INFO] - Fetched 0 pending transactions
2026-04-18 06:59:33,340 - [INFO] - Fetched 0 pending transactions
2026-04-18 06:59:38,356 - [INFO] - Fetched 0 pending transactions
2026-04-18 06:59:43,384 - [INFO] - Fetched 0 pending transactions
2026-04-18 06:59:48,390 - [INFO] - Fetched 0 pending transactions
2026-04-18 06:59:53,408 - [INFO] - Fetched 0 pending transactions
2026-04-18 06:59:58,436 - [INFO] - Fetched 0 pending transactions
2026-04-18 07:00:03,456 - [INFO] - Fetched 0 pending transactions
2026-04-18 07:00:08,461 - [INFO] - Fetched 0 pending transactions
2026-04-18 07:00:13,467 - [INFO] - Fetched 0 pending transactions
2026-04-18 07:00:18,472 - [INFO] - Fetched 0 pending transactions
2026-04-18 07:00:23,478 - [INFO] - Fetched 0 pending transactions
2026-04-18 07:00:28,497 - [INFO] - Fetched 0 pending transactions
2026-04-18 07:00:33,521 - [INFO] - Fetched 0 pending transactions
2026-04-18 07:00:38,539 - [INFO] - Fetched 0 pending transactions
2026-04-18 07:00:43,555 - [INFO] - Fetched 0 pending transactions
2026-04-18 07:00:48,561 - [INFO] - Fetched 0 pending transactions
2026-04-18 07:00:53,577 - [INFO] - Fetched 0 pending transactions
2026-04-18 07:00:58,606 - [INFO] - Fetched 0 pending transactions
2026-04-18 07:01:03,625 - [ERROR] - [ERROR] Network error: Cannot connect to node
2026-04-18 07:01:10,647 - [ERROR] - [ERROR] Network error: Cannot connect to node
2026-04-18 07:01:11,075 - [INFO] - Mining stopped by user
